#
# There is insufficient memory for the Java Runtime Environment to continue.
# Native memory allocation (mmap) failed to map 838860800 bytes for G1 virtual space
# Possible reasons:
#   The system is out of physical RAM or swap space
#   The process is running with CompressedOops enabled, and the Java Heap may be blocking the growth of the native heap
# Possible solutions:
#   Reduce memory load on the system
#   Increase physical memory or swap space
#   Check if swap backing store is full
#   Decrease Java heap size (-Xmx/-Xms)
#   Decrease number of Java threads
#   Decrease Java thread stack sizes (-Xss)
#   Set larger code cache with -XX:ReservedCodeCacheSize=
#   JVM is running with Zero Based Compressed Oops mode in which the Java heap is
#     placed in the first 32GB address space. The Java Heap base address is the
#     maximum limit for the native heap growth. Please use -XX:HeapBaseMinAddress
#     to set the Java Heap base and to place the Java Heap above 32GB virtual address.
# This output file may be truncated or incomplete.
#
#  Out of Memory Error (os_windows.cpp:3552), pid=2712, tid=9180
#
# JRE version: Java(TM) SE Runtime Environment (17.0.9+11) (build 17.0.9+11-LTS-201)
# Java VM: Java HotSpot(TM) 64-Bit Server VM (17.0.9+11-LTS-201, mixed mode, sharing, tiered, compressed oops, compressed class ptrs, g1 gc, windows-amd64)
# No core dump will be written. Minidumps are not enabled by default on client versions of Windows
#

---------------  S U M M A R Y ------------

Command Line: -Dclassworlds.conf=D:\apache-maven-3.9.0\bin\m2.conf -Dmaven.home=D:\apache-maven-3.9.0 -Dlibrary.jansi.path=D:\apache-maven-3.9.0\lib\jansi-native -Dmaven.multiModuleProjectDirectory=D:\Spring Boot Apps\evcentral371 org.codehaus.plexus.classworlds.launcher.Launcher package

Host: Intel(R) Core(TM) i5-4570 CPU @ 3.20GHz, 4 cores, 15G,  Windows 10 , 64 bit Build 19041 (10.0.19041.4717)
Time: Fri Aug 23 08:14:54 2024 SE Asia Standard Time elapsed time: 62.176999 seconds (0d 0h 1m 2s)

---------------  T H R E A D  ---------------

Current thread (0x00000225cb894410):  VMThread "VM Thread" [stack: 0x00000058cc400000,0x00000058cc500000] [id=9180]

Stack: [0x00000058cc400000,0x00000058cc500000]
Native frames: (J=compiled Java code, j=interpreted, Vv=VM code, C=native code)
V  [jvm.dll+0x678a4a]
V  [jvm.dll+0x7d9cfd]
V  [jvm.dll+0x7db60e]
V  [jvm.dll+0x7dbc73]
V  [jvm.dll+0x245e1f]
V  [jvm.dll+0x6758f9]
V  [jvm.dll+0x66a2a2]
V  [jvm.dll+0x303686]
V  [jvm.dll+0x30ac06]
V  [jvm.dll+0x35a48e]
V  [jvm.dll+0x35a6bf]
V  [jvm.dll+0x2da678]
V  [jvm.dll+0x2d8a85]
V  [jvm.dll+0x2d808c]
V  [jvm.dll+0x31b97b]
V  [jvm.dll+0x7e048b]
V  [jvm.dll+0x7e11c4]
V  [jvm.dll+0x7e16dd]
V  [jvm.dll+0x7e1ab4]
V  [jvm.dll+0x7e1b80]
V  [jvm.dll+0x78998a]
V  [jvm.dll+0x677875]
C  [ucrtbase.dll+0x21bb2]
C  [KERNEL32.DLL+0x17374]
C  [ntdll.dll+0x4cc91]

VM_Operation (0x00000058cdbfdfc0): G1CollectForAllocation, mode: safepoint, requested by thread 0x000002261537c480


---------------  P R O C E S S  ---------------

Threads class SMR info:
_java_thread_list=0x00000226135a6380, length=20, elements={
0x00000225a95e8c90, 0x00000225cb8998e0, 0x00000225cb89a760, 0x00000225cb8aed70,
0x00000225cb8af730, 0x00000225cb8b00f0, 0x00000225cb8b0ab0, 0x00000225cb8b4ca0,
0x00000225cb8be5d0, 0x00000225cb8d1ac0, 0x00000225cb9e7a70, 0x00000225cb9f0be0,
0x0000022612bf9300, 0x0000022612bf74a0, 0x0000022612bf88e0, 0x0000022614917560,
0x000002261537c480, 0x0000022615380650, 0x000002261537c990, 0x000002261537b040
}

Java Threads: ( => current thread )
  0x00000225a95e8c90 JavaThread "main" [_thread_blocked, id=10616, stack(0x00000058cbe00000,0x00000058cbf00000)]
  0x00000225cb8998e0 JavaThread "Reference Handler" daemon [_thread_blocked, id=21588, stack(0x00000058cc500000,0x00000058cc600000)]
  0x00000225cb89a760 JavaThread "Finalizer" daemon [_thread_blocked, id=8440, stack(0x00000058cc600000,0x00000058cc700000)]
  0x00000225cb8aed70 JavaThread "Signal Dispatcher" daemon [_thread_blocked, id=22700, stack(0x00000058cc700000,0x00000058cc800000)]
  0x00000225cb8af730 JavaThread "Attach Listener" daemon [_thread_blocked, id=8428, stack(0x00000058cc800000,0x00000058cc900000)]
  0x00000225cb8b00f0 JavaThread "Service Thread" daemon [_thread_blocked, id=20228, stack(0x00000058cc900000,0x00000058cca00000)]
  0x00000225cb8b0ab0 JavaThread "Monitor Deflation Thread" daemon [_thread_blocked, id=13188, stack(0x00000058cca00000,0x00000058ccb00000)]
  0x00000225cb8b4ca0 JavaThread "C2 CompilerThread0" daemon [_thread_blocked, id=16796, stack(0x00000058ccb00000,0x00000058ccc00000)]
  0x00000225cb8be5d0 JavaThread "C1 CompilerThread0" daemon [_thread_blocked, id=13088, stack(0x00000058ccc00000,0x00000058ccd00000)]
  0x00000225cb8d1ac0 JavaThread "Sweeper thread" daemon [_thread_blocked, id=16760, stack(0x00000058ccd00000,0x00000058cce00000)]
  0x00000225cb9e7a70 JavaThread "Notification Thread" daemon [_thread_blocked, id=21564, stack(0x00000058cce00000,0x00000058ccf00000)]
  0x00000225cb9f0be0 JavaThread "Common-Cleaner" daemon [_thread_blocked, id=16996, stack(0x00000058cd000000,0x00000058cd100000)]
  0x0000022612bf9300 JavaThread "JGit-WorkQueue" daemon [_thread_blocked, id=20180, stack(0x00000058cd900000,0x00000058cda00000)]
  0x0000022612bf74a0 JavaThread "mysql-cj-abandoned-connection-cleanup" daemon [_thread_blocked, id=20932, stack(0x00000058cd800000,0x00000058cd900000)]
  0x0000022612bf88e0 JavaThread "mysql-cj-abandoned-connection-cleanup" daemon [_thread_blocked, id=21836, stack(0x00000058cda00000,0x00000058cdb00000)]
  0x0000022614917560 JavaThread "C2 CompilerThread1" daemon [_thread_blocked, id=19992, stack(0x00000058cd700000,0x00000058cd800000)]
  0x000002261537c480 JavaThread "pool-5-thread-1" [_thread_blocked, id=19772, stack(0x00000058cdb00000,0x00000058cdc00000)]
  0x0000022615380650 JavaThread "pool-5-thread-2" [_thread_blocked, id=11224, stack(0x00000058cdf00000,0x00000058ce000000)]
  0x000002261537c990 JavaThread "pool-5-thread-3" [_thread_blocked, id=21148, stack(0x00000058ce000000,0x00000058ce100000)]
  0x000002261537b040 JavaThread "pool-5-thread-4" [_thread_blocked, id=8824, stack(0x00000058ce100000,0x00000058ce200000)]

Other Threads:
=>0x00000225cb894410 VMThread "VM Thread" [stack: 0x00000058cc400000,0x00000058cc500000] [id=9180]
  0x00000225cb9ea370 WatcherThread [stack: 0x00000058ccf00000,0x00000058cd000000] [id=19036]
  0x00000225a96527b0 GCTaskThread "GC Thread#0" [stack: 0x00000058cbf00000,0x00000058cc000000] [id=20240]
  0x000002261157b8b0 GCTaskThread "GC Thread#1" [stack: 0x00000058cd100000,0x00000058cd200000] [id=8928]
  0x0000022611594080 GCTaskThread "GC Thread#2" [stack: 0x00000058cd200000,0x00000058cd300000] [id=22768]
  0x00000226112580b0 GCTaskThread "GC Thread#3" [stack: 0x00000058cd300000,0x00000058cd400000] [id=12316]
  0x00000225a9663150 ConcurrentGCThread "G1 Main Marker" [stack: 0x00000058cc000000,0x00000058cc100000] [id=12916]
  0x00000225a9664300 ConcurrentGCThread "G1 Conc#0" [stack: 0x00000058cc100000,0x00000058cc200000] [id=12500]
  0x00000225a96bdc50 ConcurrentGCThread "G1 Refine#0" [stack: 0x00000058cc200000,0x00000058cc300000] [id=19020]
  0x0000022612d41030 ConcurrentGCThread "G1 Refine#1" [stack: 0x00000058cd400000,0x00000058cd500000] [id=19320]
  0x00000225cbc76880 ConcurrentGCThread "G1 Refine#2" [stack: 0x00000058cd600000,0x00000058cd700000] [id=6624]
  0x0000022614fd3dd0 ConcurrentGCThread "G1 Refine#3" [stack: 0x00000058cdc00000,0x00000058cdd00000] [id=23412]
  0x00000225a96be680 ConcurrentGCThread "G1 Service" [stack: 0x00000058cc300000,0x00000058cc400000] [id=8304]

Threads with active compile tasks:
C2 CompilerThread0    62302 19118  s    4       sun.net.www.protocol.file.Handler::openConnection (7 bytes)
C2 CompilerThread1    62303 19119  s!   4       sun.net.www.protocol.file.Handler::openConnection (271 bytes)

VM state: at safepoint (normal execution)

VM Mutex/Monitor currently owned by a thread:  ([mutex/lock_event])
[0x00000225a95e46d0] Threads_lock - owner thread: 0x00000225cb894410
[0x00000225a95e4e20] Heap_lock - owner thread: 0x000002261537c480

Heap address: 0x0000000705a00000, size: 4006 MB, Compressed Oops mode: Zero based, Oop shift amount: 3

CDS archive(s) mapped at: [0x00000225cc000000-0x00000225ccbd0000-0x00000225ccbd0000), size 12386304, SharedBaseAddress: 0x00000225cc000000, ArchiveRelocationMode: 1.
Compressed class space mapped at: 0x00000225cd000000-0x000002260d000000, reserved size: 1073741824
Narrow klass base: 0x00000225cc000000, Narrow klass shift: 0, Narrow klass range: 0x100000000

GC Precious Log:
 CPUs: 4 total, 4 available
 Memory: 16019M
 Large Page Support: Disabled
 NUMA Support: Disabled
 Compressed Oops: Enabled (Zero based)
 Heap Region Size: 2M
 Heap Min Capacity: 8M
 Heap Initial Capacity: 252M
 Heap Max Capacity: 4006M
 Pre-touch: Disabled
 Parallel Workers: 4
 Concurrent Workers: 1
 Concurrent Refinement Workers: 4
 Periodic GC: Disabled

Heap:
 garbage-first heap   total 618496K, used 145225K [0x0000000705a00000, 0x0000000800000000)
  region size 2048K, 3 young (6144K), 3 survivors (6144K)
 Metaspace       used 95158K, committed 95936K, reserved 1179648K
  class space    used 9214K, committed 9600K, reserved 1048576K

Heap Regions: E=young(eden), S=young(survivor), O=old, HS=humongous(starts), HC=humongous(continues), CS=collection set, F=free, OA=open archive, CA=closed archive, TAMS=top-at-mark-start (previous, next)
|   0|0x0000000705a00000, 0x0000000705c00000, 0x0000000705c00000|100%| O|  |TAMS 0x0000000705c00000, 0x0000000705c00000| Untracked 
|   1|0x0000000705c00000, 0x0000000705e00000, 0x0000000705e00000|100%| O|  |TAMS 0x0000000705e00000, 0x0000000705e00000| Untracked 
|   2|0x0000000705e00000, 0x0000000706000000, 0x0000000706000000|100%| O|  |TAMS 0x0000000706000000, 0x0000000706000000| Untracked 
|   3|0x0000000706000000, 0x0000000706200000, 0x0000000706200000|100%| O|  |TAMS 0x0000000706200000, 0x0000000706200000| Untracked 
|   4|0x0000000706200000, 0x0000000706400000, 0x0000000706400000|100%| O|  |TAMS 0x0000000706400000, 0x0000000706400000| Untracked 
|   5|0x0000000706400000, 0x0000000706600000, 0x0000000706600000|100%| O|  |TAMS 0x0000000706600000, 0x0000000706600000| Untracked 
|   6|0x0000000706600000, 0x0000000706800000, 0x0000000706800000|100%| O|  |TAMS 0x0000000706800000, 0x0000000706800000| Untracked 
|   7|0x0000000706800000, 0x0000000706a00000, 0x0000000706a00000|100%| O|  |TAMS 0x0000000706a00000, 0x0000000706a00000| Untracked 
|   8|0x0000000706a00000, 0x0000000706c00000, 0x0000000706c00000|100%| O|  |TAMS 0x0000000706c00000, 0x0000000706c00000| Untracked 
|   9|0x0000000706c00000, 0x0000000706e00000, 0x0000000706e00000|100%| O|  |TAMS 0x0000000706e00000, 0x0000000706e00000| Untracked 
|  10|0x0000000706e00000, 0x0000000707000000, 0x0000000707000000|100%| O|  |TAMS 0x0000000707000000, 0x0000000707000000| Untracked 
|  11|0x0000000707000000, 0x0000000707200000, 0x0000000707200000|100%| O|  |TAMS 0x0000000707200000, 0x0000000707200000| Untracked 
|  12|0x0000000707200000, 0x0000000707400000, 0x0000000707400000|100%| O|  |TAMS 0x0000000707400000, 0x0000000707400000| Untracked 
|  13|0x0000000707400000, 0x0000000707600000, 0x0000000707600000|100%| O|  |TAMS 0x0000000707600000, 0x0000000707600000| Untracked 
|  14|0x0000000707600000, 0x0000000707800000, 0x0000000707800000|100%| O|  |TAMS 0x0000000707800000, 0x0000000707800000| Untracked 
|  15|0x0000000707800000, 0x0000000707a00000, 0x0000000707a00000|100%| O|  |TAMS 0x0000000707a00000, 0x0000000707a00000| Untracked 
|  16|0x0000000707a00000, 0x0000000707c00000, 0x0000000707c00000|100%| O|  |TAMS 0x0000000707c00000, 0x0000000707c00000| Untracked 
|  17|0x0000000707c00000, 0x0000000707e00000, 0x0000000707e00000|100%| O|  |TAMS 0x0000000707e00000, 0x0000000707e00000| Untracked 
|  18|0x0000000707e00000, 0x0000000708000000, 0x0000000708000000|100%| O|  |TAMS 0x0000000708000000, 0x0000000708000000| Untracked 
|  19|0x0000000708000000, 0x0000000708200000, 0x0000000708200000|100%| O|  |TAMS 0x0000000708200000, 0x0000000708200000| Untracked 
|  20|0x0000000708200000, 0x0000000708400000, 0x0000000708400000|100%| O|  |TAMS 0x0000000708400000, 0x0000000708400000| Untracked 
|  21|0x0000000708400000, 0x0000000708600000, 0x0000000708600000|100%| O|  |TAMS 0x0000000708600000, 0x0000000708600000| Untracked 
|  22|0x0000000708600000, 0x0000000708800000, 0x0000000708800000|100%| O|  |TAMS 0x0000000708800000, 0x0000000708800000| Untracked 
|  23|0x0000000708800000, 0x0000000708a00000, 0x0000000708a00000|100%| O|  |TAMS 0x0000000708a00000, 0x0000000708a00000| Untracked 
|  24|0x0000000708a00000, 0x0000000708c00000, 0x0000000708c00000|100%| O|  |TAMS 0x0000000708c00000, 0x0000000708c00000| Untracked 
|  25|0x0000000708c00000, 0x0000000708e00000, 0x0000000708e00000|100%| O|  |TAMS 0x0000000708e00000, 0x0000000708e00000| Untracked 
|  26|0x0000000708e00000, 0x0000000709000000, 0x0000000709000000|100%| O|  |TAMS 0x0000000709000000, 0x0000000709000000| Untracked 
|  27|0x0000000709000000, 0x0000000709200000, 0x0000000709200000|100%| O|  |TAMS 0x0000000709200000, 0x0000000709200000| Untracked 
|  28|0x0000000709200000, 0x0000000709400000, 0x0000000709400000|100%| O|  |TAMS 0x0000000709400000, 0x0000000709400000| Untracked 
|  29|0x0000000709400000, 0x0000000709600000, 0x0000000709600000|100%| O|  |TAMS 0x0000000709600000, 0x0000000709600000| Untracked 
|  30|0x0000000709600000, 0x0000000709800000, 0x0000000709800000|100%| O|  |TAMS 0x0000000709800000, 0x0000000709800000| Untracked 
|  31|0x0000000709800000, 0x0000000709a00000, 0x0000000709a00000|100%| O|  |TAMS 0x0000000709a00000, 0x0000000709a00000| Untracked 
|  32|0x0000000709a00000, 0x0000000709c00000, 0x0000000709c00000|100%| O|  |TAMS 0x0000000709c00000, 0x0000000709c00000| Untracked 
|  33|0x0000000709c00000, 0x0000000709e00000, 0x0000000709e00000|100%| O|  |TAMS 0x0000000709e00000, 0x0000000709e00000| Untracked 
|  34|0x0000000709e00000, 0x000000070a000000, 0x000000070a000000|100%| O|  |TAMS 0x000000070a000000, 0x000000070a000000| Untracked 
|  35|0x000000070a000000, 0x000000070a200000, 0x000000070a200000|100%| O|  |TAMS 0x000000070a200000, 0x000000070a200000| Untracked 
|  36|0x000000070a200000, 0x000000070a400000, 0x000000070a400000|100%| O|  |TAMS 0x000000070a400000, 0x000000070a400000| Untracked 
|  37|0x000000070a400000, 0x000000070a600000, 0x000000070a600000|100%| O|  |TAMS 0x000000070a600000, 0x000000070a600000| Untracked 
|  38|0x000000070a600000, 0x000000070a800000, 0x000000070a800000|100%| O|  |TAMS 0x000000070a800000, 0x000000070a800000| Untracked 
|  39|0x000000070a800000, 0x000000070aa00000, 0x000000070aa00000|100%| O|  |TAMS 0x000000070aa00000, 0x000000070aa00000| Untracked 
|  40|0x000000070aa00000, 0x000000070ac00000, 0x000000070ac00000|100%| O|  |TAMS 0x000000070ac00000, 0x000000070ac00000| Untracked 
|  41|0x000000070ac00000, 0x000000070ae00000, 0x000000070ae00000|100%| O|  |TAMS 0x000000070ae00000, 0x000000070ae00000| Untracked 
|  42|0x000000070ae00000, 0x000000070b000000, 0x000000070b000000|100%| O|  |TAMS 0x000000070b000000, 0x000000070b000000| Untracked 
|  43|0x000000070b000000, 0x000000070b200000, 0x000000070b200000|100%| O|  |TAMS 0x000000070b200000, 0x000000070b200000| Untracked 
|  44|0x000000070b200000, 0x000000070b400000, 0x000000070b400000|100%| O|  |TAMS 0x000000070b400000, 0x000000070b400000| Untracked 
|  45|0x000000070b400000, 0x000000070b600000, 0x000000070b600000|100%| O|  |TAMS 0x000000070b400000, 0x000000070b600000| Untracked 
|  46|0x000000070b600000, 0x000000070b800000, 0x000000070b800000|100%| O|  |TAMS 0x000000070b800000, 0x000000070b800000| Untracked 
|  47|0x000000070b800000, 0x000000070ba00000, 0x000000070ba00000|100%| O|  |TAMS 0x000000070ba00000, 0x000000070ba00000| Untracked 
|  48|0x000000070ba00000, 0x000000070bc00000, 0x000000070bc00000|100%| O|  |TAMS 0x000000070bc00000, 0x000000070bc00000| Untracked 
|  49|0x000000070bc00000, 0x000000070be00000, 0x000000070be00000|100%| O|  |TAMS 0x000000070be00000, 0x000000070be00000| Untracked 
|  50|0x000000070be00000, 0x000000070be00000, 0x000000070c000000|  0%| F|  |TAMS 0x000000070be00000, 0x000000070be00000| Untracked 
|  51|0x000000070c000000, 0x000000070c200000, 0x000000070c200000|100%| O|  |TAMS 0x000000070c000000, 0x000000070c200000| Untracked 
|  52|0x000000070c200000, 0x000000070c400000, 0x000000070c400000|100%| O|  |TAMS 0x000000070c200000, 0x000000070c400000| Untracked 
|  53|0x000000070c400000, 0x000000070c600000, 0x000000070c600000|100%| O|  |TAMS 0x000000070c600000, 0x000000070c600000| Untracked 
|  54|0x000000070c600000, 0x000000070c800000, 0x000000070c800000|100%| O|  |TAMS 0x000000070c800000, 0x000000070c800000| Untracked 
|  55|0x000000070c800000, 0x000000070ca00000, 0x000000070ca00000|100%| O|  |TAMS 0x000000070c800000, 0x000000070ca00000| Untracked 
|  56|0x000000070ca00000, 0x000000070ca00000, 0x000000070cc00000|  0%| F|  |TAMS 0x000000070ca00000, 0x000000070ca00000| Untracked 
|  57|0x000000070cc00000, 0x000000070ce00000, 0x000000070ce00000|100%| O|  |TAMS 0x000000070cc37800, 0x000000070ce00000| Untracked 
|  58|0x000000070ce00000, 0x000000070d000000, 0x000000070d000000|100%| O|  |TAMS 0x000000070d000000, 0x000000070d000000| Untracked 
|  59|0x000000070d000000, 0x000000070d200000, 0x000000070d200000|100%| O|  |TAMS 0x000000070d200000, 0x000000070d200000| Untracked 
|  60|0x000000070d200000, 0x000000070d400000, 0x000000070d400000|100%| O|  |TAMS 0x000000070d400000, 0x000000070d400000| Untracked 
|  61|0x000000070d400000, 0x000000070d600000, 0x000000070d600000|100%| O|  |TAMS 0x000000070d600000, 0x000000070d600000| Untracked 
|  62|0x000000070d600000, 0x000000070d800000, 0x000000070d800000|100%| O|  |TAMS 0x000000070d800000, 0x000000070d800000| Untracked 
|  63|0x000000070d800000, 0x000000070da00000, 0x000000070da00000|100%| O|  |TAMS 0x000000070da00000, 0x000000070da00000| Untracked 
|  64|0x000000070da00000, 0x000000070dc00000, 0x000000070dc00000|100%| O|  |TAMS 0x000000070dc00000, 0x000000070dc00000| Untracked 
|  65|0x000000070dc00000, 0x000000070de00000, 0x000000070de00000|100%| O|  |TAMS 0x000000070de00000, 0x000000070de00000| Untracked 
|  66|0x000000070de00000, 0x000000070e000000, 0x000000070e000000|100%| O|  |TAMS 0x000000070de00000, 0x000000070e000000| Untracked 
|  67|0x000000070e000000, 0x000000070e200000, 0x000000070e200000|100%| O|  |TAMS 0x000000070e000000, 0x000000070e200000| Untracked 
|  68|0x000000070e200000, 0x000000070e400000, 0x000000070e400000|100%| O|  |TAMS 0x000000070e200000, 0x000000070e400000| Untracked 
|  69|0x000000070e400000, 0x000000070e600000, 0x000000070e600000|100%| O|  |TAMS 0x000000070e400000, 0x000000070e600000| Untracked 
|  70|0x000000070e600000, 0x000000070e70d400, 0x000000070e800000| 52%| O|  |TAMS 0x000000070e600000, 0x000000070e70d400| Untracked 
|  71|0x000000070e800000, 0x000000070e800000, 0x000000070ea00000|  0%| F|  |TAMS 0x000000070e800000, 0x000000070e800000| Untracked 
|  72|0x000000070ea00000, 0x000000070ea00000, 0x000000070ec00000|  0%| F|  |TAMS 0x000000070ea00000, 0x000000070ea00000| Untracked 
|  73|0x000000070ec00000, 0x000000070ec00000, 0x000000070ee00000|  0%| F|  |TAMS 0x000000070ec00000, 0x000000070ec00000| Untracked 
|  74|0x000000070ee00000, 0x000000070ee00000, 0x000000070f000000|  0%| F|  |TAMS 0x000000070ee00000, 0x000000070ee00000| Untracked 
|  75|0x000000070f000000, 0x000000070f000000, 0x000000070f200000|  0%| F|  |TAMS 0x000000070f000000, 0x000000070f000000| Untracked 
|  76|0x000000070f200000, 0x000000070f200000, 0x000000070f400000|  0%| F|  |TAMS 0x000000070f200000, 0x000000070f200000| Untracked 
|  77|0x000000070f400000, 0x000000070f400000, 0x000000070f600000|  0%| F|  |TAMS 0x000000070f400000, 0x000000070f400000| Untracked 
|  78|0x000000070f600000, 0x000000070f600000, 0x000000070f800000|  0%| F|  |TAMS 0x000000070f600000, 0x000000070f600000| Untracked 
|  79|0x000000070f800000, 0x000000070f800000, 0x000000070fa00000|  0%| F|  |TAMS 0x000000070f800000, 0x000000070f800000| Untracked 
|  80|0x000000070fa00000, 0x000000070fa00000, 0x000000070fc00000|  0%| F|  |TAMS 0x000000070fa00000, 0x000000070fa00000| Untracked 
|  81|0x000000070fc00000, 0x000000070fc00000, 0x000000070fe00000|  0%| F|  |TAMS 0x000000070fc00000, 0x000000070fc00000| Untracked 
|  82|0x000000070fe00000, 0x000000070fe00000, 0x0000000710000000|  0%| F|  |TAMS 0x000000070fe00000, 0x000000070fe00000| Untracked 
|  83|0x0000000710000000, 0x0000000710000000, 0x0000000710200000|  0%| F|  |TAMS 0x0000000710000000, 0x0000000710000000| Untracked 
|  84|0x0000000710200000, 0x0000000710200000, 0x0000000710400000|  0%| F|  |TAMS 0x0000000710200000, 0x0000000710200000| Untracked 
|  85|0x0000000710400000, 0x0000000710400000, 0x0000000710600000|  0%| F|  |TAMS 0x0000000710400000, 0x0000000710400000| Untracked 
|  86|0x0000000710600000, 0x0000000710600000, 0x0000000710800000|  0%| F|  |TAMS 0x0000000710600000, 0x0000000710600000| Untracked 
|  87|0x0000000710800000, 0x0000000710800000, 0x0000000710a00000|  0%| F|  |TAMS 0x0000000710800000, 0x0000000710800000| Untracked 
|  88|0x0000000710a00000, 0x0000000710a00000, 0x0000000710c00000|  0%| F|  |TAMS 0x0000000710a00000, 0x0000000710a00000| Untracked 
|  89|0x0000000710c00000, 0x0000000710c00000, 0x0000000710e00000|  0%| F|  |TAMS 0x0000000710c00000, 0x0000000710c00000| Untracked 
|  90|0x0000000710e00000, 0x0000000710e00000, 0x0000000711000000|  0%| F|  |TAMS 0x0000000710e00000, 0x0000000710e00000| Untracked 
|  91|0x0000000711000000, 0x0000000711000000, 0x0000000711200000|  0%| F|  |TAMS 0x0000000711000000, 0x0000000711000000| Untracked 
|  92|0x0000000711200000, 0x0000000711200000, 0x0000000711400000|  0%| F|  |TAMS 0x0000000711200000, 0x0000000711200000| Untracked 
|  93|0x0000000711400000, 0x0000000711400000, 0x0000000711600000|  0%| F|  |TAMS 0x0000000711400000, 0x0000000711400000| Untracked 
|  94|0x0000000711600000, 0x0000000711600000, 0x0000000711800000|  0%| F|  |TAMS 0x0000000711600000, 0x0000000711600000| Untracked 
|  95|0x0000000711800000, 0x0000000711800000, 0x0000000711a00000|  0%| F|  |TAMS 0x0000000711800000, 0x0000000711800000| Untracked 
|  96|0x0000000711a00000, 0x0000000711a00000, 0x0000000711c00000|  0%| F|  |TAMS 0x0000000711a00000, 0x0000000711a00000| Untracked 
|  97|0x0000000711c00000, 0x0000000711c00000, 0x0000000711e00000|  0%| F|  |TAMS 0x0000000711c00000, 0x0000000711c00000| Untracked 
|  98|0x0000000711e00000, 0x0000000711e00000, 0x0000000712000000|  0%| F|  |TAMS 0x0000000711e00000, 0x0000000711e00000| Untracked 
|  99|0x0000000712000000, 0x0000000712000000, 0x0000000712200000|  0%| F|  |TAMS 0x0000000712000000, 0x0000000712000000| Untracked 
| 100|0x0000000712200000, 0x0000000712200000, 0x0000000712400000|  0%| F|  |TAMS 0x0000000712200000, 0x0000000712200000| Untracked 
| 101|0x0000000712400000, 0x0000000712400000, 0x0000000712600000|  0%| F|  |TAMS 0x0000000712400000, 0x0000000712400000| Untracked 
| 102|0x0000000712600000, 0x0000000712600000, 0x0000000712800000|  0%| F|  |TAMS 0x0000000712600000, 0x0000000712600000| Untracked 
| 103|0x0000000712800000, 0x0000000712800000, 0x0000000712a00000|  0%| F|  |TAMS 0x0000000712800000, 0x0000000712800000| Untracked 
| 104|0x0000000712a00000, 0x0000000712a00000, 0x0000000712c00000|  0%| F|  |TAMS 0x0000000712a00000, 0x0000000712a00000| Untracked 
| 105|0x0000000712c00000, 0x0000000712c00000, 0x0000000712e00000|  0%| F|  |TAMS 0x0000000712c00000, 0x0000000712c00000| Untracked 
| 106|0x0000000712e00000, 0x0000000712e00000, 0x0000000713000000|  0%| F|  |TAMS 0x0000000712e00000, 0x0000000712e00000| Untracked 
| 107|0x0000000713000000, 0x0000000713000000, 0x0000000713200000|  0%| F|  |TAMS 0x0000000713000000, 0x0000000713000000| Untracked 
| 108|0x0000000713200000, 0x00000007132c5380, 0x0000000713400000| 38%| S|CS|TAMS 0x0000000713200000, 0x0000000713200000| Complete 
| 109|0x0000000713400000, 0x0000000713600000, 0x0000000713600000|100%| S|CS|TAMS 0x0000000713400000, 0x0000000713400000| Complete 
| 110|0x0000000713600000, 0x0000000713800000, 0x0000000713800000|100%| S|CS|TAMS 0x0000000713600000, 0x0000000713600000| Complete 
| 111|0x0000000713800000, 0x0000000713800000, 0x0000000713a00000|  0%| F|  |TAMS 0x0000000713800000, 0x0000000713800000| Untracked 
| 112|0x0000000713a00000, 0x0000000713a00000, 0x0000000713c00000|  0%| F|  |TAMS 0x0000000713a00000, 0x0000000713a00000| Untracked 
| 113|0x0000000713c00000, 0x0000000713c00000, 0x0000000713e00000|  0%| F|  |TAMS 0x0000000713c00000, 0x0000000713c00000| Untracked 
| 114|0x0000000713e00000, 0x0000000713e00000, 0x0000000714000000|  0%| F|  |TAMS 0x0000000713e00000, 0x0000000713e00000| Untracked 
| 115|0x0000000714000000, 0x0000000714000000, 0x0000000714200000|  0%| F|  |TAMS 0x0000000714000000, 0x0000000714000000| Untracked 
| 116|0x0000000714200000, 0x0000000714200000, 0x0000000714400000|  0%| F|  |TAMS 0x0000000714200000, 0x0000000714200000| Untracked 
| 117|0x0000000714400000, 0x0000000714400000, 0x0000000714600000|  0%| F|  |TAMS 0x0000000714400000, 0x0000000714400000| Untracked 
| 118|0x0000000714600000, 0x0000000714600000, 0x0000000714800000|  0%| F|  |TAMS 0x0000000714600000, 0x0000000714600000| Untracked 
| 119|0x0000000714800000, 0x0000000714800000, 0x0000000714a00000|  0%| F|  |TAMS 0x0000000714800000, 0x0000000714800000| Untracked 
| 120|0x0000000714a00000, 0x0000000714a00000, 0x0000000714c00000|  0%| F|  |TAMS 0x0000000714a00000, 0x0000000714a00000| Untracked 
| 121|0x0000000714c00000, 0x0000000714c00000, 0x0000000714e00000|  0%| F|  |TAMS 0x0000000714c00000, 0x0000000714c00000| Untracked 
| 122|0x0000000714e00000, 0x0000000714e00000, 0x0000000715000000|  0%| F|  |TAMS 0x0000000714e00000, 0x0000000714e00000| Untracked 
| 123|0x0000000715000000, 0x0000000715000000, 0x0000000715200000|  0%| F|  |TAMS 0x0000000715000000, 0x0000000715000000| Untracked 
| 124|0x0000000715200000, 0x0000000715200000, 0x0000000715400000|  0%| F|  |TAMS 0x0000000715200000, 0x0000000715200000| Untracked 
| 125|0x0000000715400000, 0x0000000715400000, 0x0000000715600000|  0%| F|  |TAMS 0x0000000715400000, 0x0000000715400000| Untracked 
| 126|0x0000000715600000, 0x0000000715600000, 0x0000000715800000|  0%| F|  |TAMS 0x0000000715600000, 0x0000000715600000| Untracked 
| 127|0x0000000715800000, 0x0000000715800000, 0x0000000715a00000|  0%| F|  |TAMS 0x0000000715800000, 0x0000000715800000| Untracked 
| 128|0x0000000715a00000, 0x0000000715a00000, 0x0000000715c00000|  0%| F|  |TAMS 0x0000000715a00000, 0x0000000715a00000| Untracked 
| 129|0x0000000715c00000, 0x0000000715c00000, 0x0000000715e00000|  0%| F|  |TAMS 0x0000000715c00000, 0x0000000715c00000| Untracked 
| 130|0x0000000715e00000, 0x0000000715e00000, 0x0000000716000000|  0%| F|  |TAMS 0x0000000715e00000, 0x0000000715e00000| Untracked 
| 131|0x0000000716000000, 0x0000000716000000, 0x0000000716200000|  0%| F|  |TAMS 0x0000000716000000, 0x0000000716000000| Untracked 
| 132|0x0000000716200000, 0x0000000716200000, 0x0000000716400000|  0%| F|  |TAMS 0x0000000716200000, 0x0000000716200000| Untracked 
| 133|0x0000000716400000, 0x0000000716400000, 0x0000000716600000|  0%| F|  |TAMS 0x0000000716400000, 0x0000000716400000| Untracked 
| 134|0x0000000716600000, 0x0000000716600000, 0x0000000716800000|  0%| F|  |TAMS 0x0000000716600000, 0x0000000716600000| Untracked 
| 135|0x0000000716800000, 0x0000000716800000, 0x0000000716a00000|  0%| F|  |TAMS 0x0000000716800000, 0x0000000716800000| Untracked 
| 136|0x0000000716a00000, 0x0000000716a00000, 0x0000000716c00000|  0%| F|  |TAMS 0x0000000716a00000, 0x0000000716a00000| Untracked 
| 137|0x0000000716c00000, 0x0000000716c00000, 0x0000000716e00000|  0%| F|  |TAMS 0x0000000716c00000, 0x0000000716c00000| Untracked 
| 138|0x0000000716e00000, 0x0000000716e00000, 0x0000000717000000|  0%| F|  |TAMS 0x0000000716e00000, 0x0000000716e00000| Untracked 
| 139|0x0000000717000000, 0x0000000717000000, 0x0000000717200000|  0%| F|  |TAMS 0x0000000717000000, 0x0000000717000000| Untracked 
| 140|0x0000000717200000, 0x0000000717200000, 0x0000000717400000|  0%| F|  |TAMS 0x0000000717200000, 0x0000000717200000| Untracked 
| 141|0x0000000717400000, 0x0000000717400000, 0x0000000717600000|  0%| F|  |TAMS 0x0000000717400000, 0x0000000717400000| Untracked 
| 142|0x0000000717600000, 0x0000000717600000, 0x0000000717800000|  0%| F|  |TAMS 0x0000000717600000, 0x0000000717600000| Untracked 
| 143|0x0000000717800000, 0x0000000717800000, 0x0000000717a00000|  0%| F|  |TAMS 0x0000000717800000, 0x0000000717800000| Untracked 
| 144|0x0000000717a00000, 0x0000000717a00000, 0x0000000717c00000|  0%| F|  |TAMS 0x0000000717a00000, 0x0000000717a00000| Untracked 
| 145|0x0000000717c00000, 0x0000000717c00000, 0x0000000717e00000|  0%| F|  |TAMS 0x0000000717c00000, 0x0000000717c00000| Untracked 
| 146|0x0000000717e00000, 0x0000000717e00000, 0x0000000718000000|  0%| F|  |TAMS 0x0000000717e00000, 0x0000000717e00000| Untracked 
| 147|0x0000000718000000, 0x0000000718000000, 0x0000000718200000|  0%| F|  |TAMS 0x0000000718000000, 0x0000000718000000| Untracked 
| 148|0x0000000718200000, 0x0000000718200000, 0x0000000718400000|  0%| F|  |TAMS 0x0000000718200000, 0x0000000718200000| Untracked 
| 149|0x0000000718400000, 0x0000000718400000, 0x0000000718600000|  0%| F|  |TAMS 0x0000000718400000, 0x0000000718400000| Untracked 
| 150|0x0000000718600000, 0x0000000718600000, 0x0000000718800000|  0%| F|  |TAMS 0x0000000718600000, 0x0000000718600000| Untracked 
| 151|0x0000000718800000, 0x0000000718800000, 0x0000000718a00000|  0%| F|  |TAMS 0x0000000718800000, 0x0000000718800000| Untracked 
| 152|0x0000000718a00000, 0x0000000718a00000, 0x0000000718c00000|  0%| F|  |TAMS 0x0000000718a00000, 0x0000000718a00000| Untracked 
| 153|0x0000000718c00000, 0x0000000718c00000, 0x0000000718e00000|  0%| F|  |TAMS 0x0000000718c00000, 0x0000000718c00000| Untracked 
| 154|0x0000000718e00000, 0x0000000718e00000, 0x0000000719000000|  0%| F|  |TAMS 0x0000000718e00000, 0x0000000718e00000| Untracked 
| 155|0x0000000719000000, 0x0000000719000000, 0x0000000719200000|  0%| F|  |TAMS 0x0000000719000000, 0x0000000719000000| Untracked 
| 156|0x0000000719200000, 0x0000000719200000, 0x0000000719400000|  0%| F|  |TAMS 0x0000000719200000, 0x0000000719200000| Untracked 
| 157|0x0000000719400000, 0x0000000719400000, 0x0000000719600000|  0%| F|  |TAMS 0x0000000719400000, 0x0000000719400000| Untracked 
| 158|0x0000000719600000, 0x0000000719600000, 0x0000000719800000|  0%| F|  |TAMS 0x0000000719600000, 0x0000000719600000| Untracked 
| 159|0x0000000719800000, 0x0000000719800000, 0x0000000719a00000|  0%| F|  |TAMS 0x0000000719800000, 0x0000000719800000| Untracked 
| 160|0x0000000719a00000, 0x0000000719a00000, 0x0000000719c00000|  0%| F|  |TAMS 0x0000000719a00000, 0x0000000719a00000| Untracked 
| 161|0x0000000719c00000, 0x0000000719c00000, 0x0000000719e00000|  0%| F|  |TAMS 0x0000000719c00000, 0x0000000719c00000| Untracked 
| 162|0x0000000719e00000, 0x0000000719e00000, 0x000000071a000000|  0%| F|  |TAMS 0x0000000719e00000, 0x0000000719e00000| Untracked 
| 163|0x000000071a000000, 0x000000071a000000, 0x000000071a200000|  0%| F|  |TAMS 0x000000071a000000, 0x000000071a000000| Untracked 
| 164|0x000000071a200000, 0x000000071a200000, 0x000000071a400000|  0%| F|  |TAMS 0x000000071a200000, 0x000000071a200000| Untracked 
| 165|0x000000071a400000, 0x000000071a400000, 0x000000071a600000|  0%| F|  |TAMS 0x000000071a400000, 0x000000071a400000| Untracked 
| 166|0x000000071a600000, 0x000000071a600000, 0x000000071a800000|  0%| F|  |TAMS 0x000000071a600000, 0x000000071a600000| Untracked 
| 167|0x000000071a800000, 0x000000071a800000, 0x000000071aa00000|  0%| F|  |TAMS 0x000000071a800000, 0x000000071a800000| Untracked 
| 168|0x000000071aa00000, 0x000000071aa00000, 0x000000071ac00000|  0%| F|  |TAMS 0x000000071aa00000, 0x000000071aa00000| Untracked 
| 169|0x000000071ac00000, 0x000000071ac00000, 0x000000071ae00000|  0%| F|  |TAMS 0x000000071ac00000, 0x000000071ac00000| Untracked 
| 170|0x000000071ae00000, 0x000000071ae00000, 0x000000071b000000|  0%| F|  |TAMS 0x000000071ae00000, 0x000000071ae00000| Untracked 
| 171|0x000000071b000000, 0x000000071b000000, 0x000000071b200000|  0%| F|  |TAMS 0x000000071b000000, 0x000000071b000000| Untracked 
| 172|0x000000071b200000, 0x000000071b200000, 0x000000071b400000|  0%| F|  |TAMS 0x000000071b200000, 0x000000071b200000| Untracked 
| 173|0x000000071b400000, 0x000000071b400000, 0x000000071b600000|  0%| F|  |TAMS 0x000000071b400000, 0x000000071b400000| Untracked 
| 174|0x000000071b600000, 0x000000071b600000, 0x000000071b800000|  0%| F|  |TAMS 0x000000071b600000, 0x000000071b600000| Untracked 
| 175|0x000000071b800000, 0x000000071b800000, 0x000000071ba00000|  0%| F|  |TAMS 0x000000071b800000, 0x000000071b800000| Untracked 
| 176|0x000000071ba00000, 0x000000071ba00000, 0x000000071bc00000|  0%| F|  |TAMS 0x000000071ba00000, 0x000000071ba00000| Untracked 
| 177|0x000000071bc00000, 0x000000071bc00000, 0x000000071be00000|  0%| F|  |TAMS 0x000000071bc00000, 0x000000071bc00000| Untracked 
| 178|0x000000071be00000, 0x000000071be00000, 0x000000071c000000|  0%| F|  |TAMS 0x000000071be00000, 0x000000071be00000| Untracked 
| 179|0x000000071c000000, 0x000000071c000000, 0x000000071c200000|  0%| F|  |TAMS 0x000000071c000000, 0x000000071c000000| Untracked 
| 180|0x000000071c200000, 0x000000071c200000, 0x000000071c400000|  0%| F|  |TAMS 0x000000071c200000, 0x000000071c200000| Untracked 
| 181|0x000000071c400000, 0x000000071c400000, 0x000000071c600000|  0%| F|  |TAMS 0x000000071c400000, 0x000000071c400000| Untracked 
| 182|0x000000071c600000, 0x000000071c600000, 0x000000071c800000|  0%| F|  |TAMS 0x000000071c600000, 0x000000071c600000| Untracked 
| 183|0x000000071c800000, 0x000000071c800000, 0x000000071ca00000|  0%| F|  |TAMS 0x000000071c800000, 0x000000071c800000| Untracked 
| 184|0x000000071ca00000, 0x000000071ca00000, 0x000000071cc00000|  0%| F|  |TAMS 0x000000071ca00000, 0x000000071ca00000| Untracked 
| 185|0x000000071cc00000, 0x000000071cc00000, 0x000000071ce00000|  0%| F|  |TAMS 0x000000071cc00000, 0x000000071cc00000| Untracked 
| 186|0x000000071ce00000, 0x000000071ce00000, 0x000000071d000000|  0%| F|  |TAMS 0x000000071ce00000, 0x000000071ce00000| Untracked 
| 187|0x000000071d000000, 0x000000071d000000, 0x000000071d200000|  0%| F|  |TAMS 0x000000071d000000, 0x000000071d000000| Untracked 
| 188|0x000000071d200000, 0x000000071d200000, 0x000000071d400000|  0%| F|  |TAMS 0x000000071d200000, 0x000000071d200000| Untracked 
| 189|0x000000071d400000, 0x000000071d400000, 0x000000071d600000|  0%| F|  |TAMS 0x000000071d400000, 0x000000071d400000| Untracked 
| 190|0x000000071d600000, 0x000000071d600000, 0x000000071d800000|  0%| F|  |TAMS 0x000000071d600000, 0x000000071d600000| Untracked 
| 191|0x000000071d800000, 0x000000071d800000, 0x000000071da00000|  0%| F|  |TAMS 0x000000071d800000, 0x000000071d800000| Untracked 
| 192|0x000000071da00000, 0x000000071da00000, 0x000000071dc00000|  0%| F|  |TAMS 0x000000071da00000, 0x000000071da00000| Untracked 
| 193|0x000000071dc00000, 0x000000071dc00000, 0x000000071de00000|  0%| F|  |TAMS 0x000000071dc00000, 0x000000071dc00000| Untracked 
| 194|0x000000071de00000, 0x000000071de00000, 0x000000071e000000|  0%| F|  |TAMS 0x000000071de00000, 0x000000071de00000| Untracked 
| 195|0x000000071e000000, 0x000000071e000000, 0x000000071e200000|  0%| F|  |TAMS 0x000000071e000000, 0x000000071e000000| Untracked 
| 196|0x000000071e200000, 0x000000071e200000, 0x000000071e400000|  0%| F|  |TAMS 0x000000071e200000, 0x000000071e200000| Untracked 
| 197|0x000000071e400000, 0x000000071e400000, 0x000000071e600000|  0%| F|  |TAMS 0x000000071e400000, 0x000000071e400000| Untracked 
| 198|0x000000071e600000, 0x000000071e600000, 0x000000071e800000|  0%| F|  |TAMS 0x000000071e600000, 0x000000071e600000| Untracked 
| 199|0x000000071e800000, 0x000000071e800000, 0x000000071ea00000|  0%| F|  |TAMS 0x000000071e800000, 0x000000071e800000| Untracked 
| 200|0x000000071ea00000, 0x000000071ea00000, 0x000000071ec00000|  0%| F|  |TAMS 0x000000071ea00000, 0x000000071ea00000| Untracked 
| 201|0x000000071ec00000, 0x000000071ec00000, 0x000000071ee00000|  0%| F|  |TAMS 0x000000071ec00000, 0x000000071ec00000| Untracked 
| 202|0x000000071ee00000, 0x000000071ee00000, 0x000000071f000000|  0%| F|  |TAMS 0x000000071ee00000, 0x000000071ee00000| Untracked 
| 203|0x000000071f000000, 0x000000071f000000, 0x000000071f200000|  0%| F|  |TAMS 0x000000071f000000, 0x000000071f000000| Untracked 
| 204|0x000000071f200000, 0x000000071f200000, 0x000000071f400000|  0%| F|  |TAMS 0x000000071f200000, 0x000000071f200000| Untracked 
| 205|0x000000071f400000, 0x000000071f400000, 0x000000071f600000|  0%| F|  |TAMS 0x000000071f400000, 0x000000071f400000| Untracked 
| 206|0x000000071f600000, 0x000000071f600000, 0x000000071f800000|  0%| F|  |TAMS 0x000000071f600000, 0x000000071f600000| Untracked 
| 207|0x000000071f800000, 0x000000071f800000, 0x000000071fa00000|  0%| F|  |TAMS 0x000000071f800000, 0x000000071f800000| Untracked 
| 208|0x000000071fa00000, 0x000000071fa00000, 0x000000071fc00000|  0%| F|  |TAMS 0x000000071fa00000, 0x000000071fa00000| Untracked 
| 209|0x000000071fc00000, 0x000000071fc00000, 0x000000071fe00000|  0%| F|  |TAMS 0x000000071fc00000, 0x000000071fc00000| Untracked 
| 210|0x000000071fe00000, 0x000000071fe00000, 0x0000000720000000|  0%| F|  |TAMS 0x000000071fe00000, 0x000000071fe00000| Untracked 
| 211|0x0000000720000000, 0x0000000720000000, 0x0000000720200000|  0%| F|  |TAMS 0x0000000720000000, 0x0000000720000000| Untracked 
| 212|0x0000000720200000, 0x0000000720200000, 0x0000000720400000|  0%| F|  |TAMS 0x0000000720200000, 0x0000000720200000| Untracked 
| 213|0x0000000720400000, 0x0000000720400000, 0x0000000720600000|  0%| F|  |TAMS 0x0000000720400000, 0x0000000720400000| Untracked 
| 214|0x0000000720600000, 0x0000000720600000, 0x0000000720800000|  0%| F|  |TAMS 0x0000000720600000, 0x0000000720600000| Untracked 
| 215|0x0000000720800000, 0x0000000720800000, 0x0000000720a00000|  0%| F|  |TAMS 0x0000000720800000, 0x0000000720800000| Untracked 
| 216|0x0000000720a00000, 0x0000000720a00000, 0x0000000720c00000|  0%| F|  |TAMS 0x0000000720a00000, 0x0000000720a00000| Untracked 
| 217|0x0000000720c00000, 0x0000000720c00000, 0x0000000720e00000|  0%| F|  |TAMS 0x0000000720c00000, 0x0000000720c00000| Untracked 
| 218|0x0000000720e00000, 0x0000000720e00000, 0x0000000721000000|  0%| F|  |TAMS 0x0000000720e00000, 0x0000000720e00000| Untracked 
| 219|0x0000000721000000, 0x0000000721000000, 0x0000000721200000|  0%| F|  |TAMS 0x0000000721000000, 0x0000000721000000| Untracked 
| 220|0x0000000721200000, 0x0000000721200000, 0x0000000721400000|  0%| F|  |TAMS 0x0000000721200000, 0x0000000721200000| Untracked 
| 221|0x0000000721400000, 0x0000000721400000, 0x0000000721600000|  0%| F|  |TAMS 0x0000000721400000, 0x0000000721400000| Untracked 
| 222|0x0000000721600000, 0x0000000721600000, 0x0000000721800000|  0%| F|  |TAMS 0x0000000721600000, 0x0000000721600000| Untracked 
| 223|0x0000000721800000, 0x0000000721800000, 0x0000000721a00000|  0%| F|  |TAMS 0x0000000721800000, 0x0000000721800000| Untracked 
| 224|0x0000000721a00000, 0x0000000721a00000, 0x0000000721c00000|  0%| F|  |TAMS 0x0000000721a00000, 0x0000000721a00000| Untracked 
| 225|0x0000000721c00000, 0x0000000721c00000, 0x0000000721e00000|  0%| F|  |TAMS 0x0000000721c00000, 0x0000000721c00000| Untracked 
| 226|0x0000000721e00000, 0x0000000721e00000, 0x0000000722000000|  0%| F|  |TAMS 0x0000000721e00000, 0x0000000721e00000| Untracked 
| 227|0x0000000722000000, 0x0000000722000000, 0x0000000722200000|  0%| F|  |TAMS 0x0000000722000000, 0x0000000722000000| Untracked 
| 228|0x0000000722200000, 0x0000000722200000, 0x0000000722400000|  0%| F|  |TAMS 0x0000000722200000, 0x0000000722200000| Untracked 
| 229|0x0000000722400000, 0x0000000722400000, 0x0000000722600000|  0%| F|  |TAMS 0x0000000722400000, 0x0000000722400000| Untracked 
| 230|0x0000000722600000, 0x0000000722600000, 0x0000000722800000|  0%| F|  |TAMS 0x0000000722600000, 0x0000000722600000| Untracked 
| 231|0x0000000722800000, 0x0000000722800000, 0x0000000722a00000|  0%| F|  |TAMS 0x0000000722800000, 0x0000000722800000| Untracked 
| 232|0x0000000722a00000, 0x0000000722a00000, 0x0000000722c00000|  0%| F|  |TAMS 0x0000000722a00000, 0x0000000722a00000| Untracked 
| 233|0x0000000722c00000, 0x0000000722c00000, 0x0000000722e00000|  0%| F|  |TAMS 0x0000000722c00000, 0x0000000722c00000| Untracked 
| 234|0x0000000722e00000, 0x0000000722e00000, 0x0000000723000000|  0%| F|  |TAMS 0x0000000722e00000, 0x0000000722e00000| Untracked 
| 235|0x0000000723000000, 0x0000000723000000, 0x0000000723200000|  0%| F|  |TAMS 0x0000000723000000, 0x0000000723000000| Untracked 
| 236|0x0000000723200000, 0x0000000723200000, 0x0000000723400000|  0%| F|  |TAMS 0x0000000723200000, 0x0000000723200000| Untracked 
| 237|0x0000000723400000, 0x0000000723400000, 0x0000000723600000|  0%| F|  |TAMS 0x0000000723400000, 0x0000000723400000| Untracked 
| 238|0x0000000723600000, 0x0000000723600000, 0x0000000723800000|  0%| F|  |TAMS 0x0000000723600000, 0x0000000723600000| Untracked 
| 239|0x0000000723800000, 0x0000000723800000, 0x0000000723a00000|  0%| F|  |TAMS 0x0000000723800000, 0x0000000723800000| Untracked 
| 240|0x0000000723a00000, 0x0000000723a00000, 0x0000000723c00000|  0%| F|  |TAMS 0x0000000723a00000, 0x0000000723a00000| Untracked 
| 241|0x0000000723c00000, 0x0000000723c00000, 0x0000000723e00000|  0%| F|  |TAMS 0x0000000723c00000, 0x0000000723c00000| Untracked 
| 242|0x0000000723e00000, 0x0000000723e00000, 0x0000000724000000|  0%| F|  |TAMS 0x0000000723e00000, 0x0000000723e00000| Untracked 
| 243|0x0000000724000000, 0x0000000724000000, 0x0000000724200000|  0%| F|  |TAMS 0x0000000724000000, 0x0000000724000000| Untracked 
| 244|0x0000000724200000, 0x0000000724200000, 0x0000000724400000|  0%| F|  |TAMS 0x0000000724200000, 0x0000000724200000| Untracked 
| 245|0x0000000724400000, 0x0000000724400000, 0x0000000724600000|  0%| F|  |TAMS 0x0000000724400000, 0x0000000724400000| Untracked 
| 246|0x0000000724600000, 0x0000000724600000, 0x0000000724800000|  0%| F|  |TAMS 0x0000000724600000, 0x0000000724600000| Untracked 
| 247|0x0000000724800000, 0x0000000724800000, 0x0000000724a00000|  0%| F|  |TAMS 0x0000000724800000, 0x0000000724800000| Untracked 
| 248|0x0000000724a00000, 0x0000000724a00000, 0x0000000724c00000|  0%| F|  |TAMS 0x0000000724a00000, 0x0000000724a00000| Untracked 
| 249|0x0000000724c00000, 0x0000000724c00000, 0x0000000724e00000|  0%| F|  |TAMS 0x0000000724c00000, 0x0000000724c00000| Untracked 
| 250|0x0000000724e00000, 0x0000000724e00000, 0x0000000725000000|  0%| F|  |TAMS 0x0000000724e00000, 0x0000000724e00000| Untracked 
| 251|0x0000000725000000, 0x0000000725000000, 0x0000000725200000|  0%| F|  |TAMS 0x0000000725000000, 0x0000000725000000| Untracked 
| 252|0x0000000725200000, 0x0000000725200000, 0x0000000725400000|  0%| F|  |TAMS 0x0000000725200000, 0x0000000725200000| Untracked 
| 253|0x0000000725400000, 0x0000000725400000, 0x0000000725600000|  0%| F|  |TAMS 0x0000000725400000, 0x0000000725400000| Untracked 
| 254|0x0000000725600000, 0x0000000725600000, 0x0000000725800000|  0%| F|  |TAMS 0x0000000725600000, 0x0000000725600000| Untracked 
| 255|0x0000000725800000, 0x0000000725800000, 0x0000000725a00000|  0%| F|  |TAMS 0x0000000725800000, 0x0000000725800000| Untracked 
| 256|0x0000000725a00000, 0x0000000725a00000, 0x0000000725c00000|  0%| F|  |TAMS 0x0000000725a00000, 0x0000000725a00000| Untracked 
| 257|0x0000000725c00000, 0x0000000725c00000, 0x0000000725e00000|  0%| F|  |TAMS 0x0000000725c00000, 0x0000000725c00000| Untracked 
| 258|0x0000000725e00000, 0x0000000725e00000, 0x0000000726000000|  0%| F|  |TAMS 0x0000000725e00000, 0x0000000725e00000| Untracked 
| 259|0x0000000726000000, 0x0000000726000000, 0x0000000726200000|  0%| F|  |TAMS 0x0000000726000000, 0x0000000726000000| Untracked 
| 260|0x0000000726200000, 0x0000000726200000, 0x0000000726400000|  0%| F|  |TAMS 0x0000000726200000, 0x0000000726200000| Untracked 
| 261|0x0000000726400000, 0x0000000726400000, 0x0000000726600000|  0%| F|  |TAMS 0x0000000726400000, 0x0000000726400000| Untracked 
| 262|0x0000000726600000, 0x0000000726600000, 0x0000000726800000|  0%| F|  |TAMS 0x0000000726600000, 0x0000000726600000| Untracked 
| 263|0x0000000726800000, 0x0000000726800000, 0x0000000726a00000|  0%| F|  |TAMS 0x0000000726800000, 0x0000000726800000| Untracked 
| 264|0x0000000726a00000, 0x0000000726a00000, 0x0000000726c00000|  0%| F|  |TAMS 0x0000000726a00000, 0x0000000726a00000| Untracked 
| 265|0x0000000726c00000, 0x0000000726c00000, 0x0000000726e00000|  0%| F|  |TAMS 0x0000000726c00000, 0x0000000726c00000| Untracked 
| 266|0x0000000726e00000, 0x0000000726e00000, 0x0000000727000000|  0%| F|  |TAMS 0x0000000726e00000, 0x0000000726e00000| Untracked 
| 267|0x0000000727000000, 0x0000000727000000, 0x0000000727200000|  0%| F|  |TAMS 0x0000000727000000, 0x0000000727000000| Untracked 
| 268|0x0000000727200000, 0x0000000727200000, 0x0000000727400000|  0%| F|  |TAMS 0x0000000727200000, 0x0000000727200000| Untracked 
| 269|0x0000000727400000, 0x0000000727400000, 0x0000000727600000|  0%| F|  |TAMS 0x0000000727400000, 0x0000000727400000| Untracked 
| 270|0x0000000727600000, 0x0000000727600000, 0x0000000727800000|  0%| F|  |TAMS 0x0000000727600000, 0x0000000727600000| Untracked 
| 271|0x0000000727800000, 0x0000000727800000, 0x0000000727a00000|  0%| F|  |TAMS 0x0000000727800000, 0x0000000727800000| Untracked 
| 272|0x0000000727a00000, 0x0000000727a00000, 0x0000000727c00000|  0%| F|  |TAMS 0x0000000727a00000, 0x0000000727a00000| Untracked 
| 273|0x0000000727c00000, 0x0000000727c00000, 0x0000000727e00000|  0%| F|  |TAMS 0x0000000727c00000, 0x0000000727c00000| Untracked 
| 274|0x0000000727e00000, 0x0000000727e00000, 0x0000000728000000|  0%| F|  |TAMS 0x0000000727e00000, 0x0000000727e00000| Untracked 
| 275|0x0000000728000000, 0x0000000728000000, 0x0000000728200000|  0%| F|  |TAMS 0x0000000728000000, 0x0000000728000000| Untracked 
| 276|0x0000000728200000, 0x0000000728200000, 0x0000000728400000|  0%| F|  |TAMS 0x0000000728200000, 0x0000000728200000| Untracked 
| 277|0x0000000728400000, 0x0000000728400000, 0x0000000728600000|  0%| F|  |TAMS 0x0000000728400000, 0x0000000728400000| Untracked 
| 278|0x0000000728600000, 0x0000000728600000, 0x0000000728800000|  0%| F|  |TAMS 0x0000000728600000, 0x0000000728600000| Untracked 
| 279|0x0000000728800000, 0x0000000728800000, 0x0000000728a00000|  0%| F|  |TAMS 0x0000000728800000, 0x0000000728800000| Untracked 
| 280|0x0000000728a00000, 0x0000000728a00000, 0x0000000728c00000|  0%| F|  |TAMS 0x0000000728a00000, 0x0000000728a00000| Untracked 
| 281|0x0000000728c00000, 0x0000000728c00000, 0x0000000728e00000|  0%| F|  |TAMS 0x0000000728c00000, 0x0000000728c00000| Untracked 
| 282|0x0000000728e00000, 0x0000000728e00000, 0x0000000729000000|  0%| F|  |TAMS 0x0000000728e00000, 0x0000000728e00000| Untracked 
| 283|0x0000000729000000, 0x0000000729000000, 0x0000000729200000|  0%| F|  |TAMS 0x0000000729000000, 0x0000000729000000| Untracked 
| 284|0x0000000729200000, 0x0000000729200000, 0x0000000729400000|  0%| F|  |TAMS 0x0000000729200000, 0x0000000729200000| Untracked 
| 285|0x0000000729400000, 0x0000000729400000, 0x0000000729600000|  0%| F|  |TAMS 0x0000000729400000, 0x0000000729400000| Untracked 
| 286|0x0000000729600000, 0x0000000729600000, 0x0000000729800000|  0%| F|  |TAMS 0x0000000729600000, 0x0000000729600000| Untracked 
| 287|0x0000000729800000, 0x0000000729800000, 0x0000000729a00000|  0%| F|  |TAMS 0x0000000729800000, 0x0000000729800000| Untracked 
| 288|0x0000000729a00000, 0x0000000729a00000, 0x0000000729c00000|  0%| F|  |TAMS 0x0000000729a00000, 0x0000000729a00000| Untracked 
| 289|0x0000000729c00000, 0x0000000729c00000, 0x0000000729e00000|  0%| F|  |TAMS 0x0000000729c00000, 0x0000000729c00000| Untracked 
| 290|0x0000000729e00000, 0x0000000729e00000, 0x000000072a000000|  0%| F|  |TAMS 0x0000000729e00000, 0x0000000729e00000| Untracked 
| 291|0x000000072a000000, 0x000000072a000000, 0x000000072a200000|  0%| F|  |TAMS 0x000000072a000000, 0x000000072a000000| Untracked 
| 292|0x000000072a200000, 0x000000072a200000, 0x000000072a400000|  0%| F|  |TAMS 0x000000072a200000, 0x000000072a200000| Untracked 
| 293|0x000000072a400000, 0x000000072a400000, 0x000000072a600000|  0%| F|  |TAMS 0x000000072a400000, 0x000000072a400000| Untracked 
| 294|0x000000072a600000, 0x000000072a600000, 0x000000072a800000|  0%| F|  |TAMS 0x000000072a600000, 0x000000072a600000| Untracked 
| 295|0x000000072a800000, 0x000000072a800000, 0x000000072aa00000|  0%| F|  |TAMS 0x000000072a800000, 0x000000072a800000| Untracked 
| 296|0x000000072aa00000, 0x000000072aa00000, 0x000000072ac00000|  0%| F|  |TAMS 0x000000072aa00000, 0x000000072aa00000| Untracked 
| 297|0x000000072ac00000, 0x000000072ac00000, 0x000000072ae00000|  0%| F|  |TAMS 0x000000072ac00000, 0x000000072ac00000| Untracked 
| 298|0x000000072ae00000, 0x000000072ae00000, 0x000000072b000000|  0%| F|  |TAMS 0x000000072ae00000, 0x000000072ae00000| Untracked 
| 299|0x000000072b000000, 0x000000072b000000, 0x000000072b200000|  0%| F|  |TAMS 0x000000072b000000, 0x000000072b000000| Untracked 
| 300|0x000000072b200000, 0x000000072b200000, 0x000000072b400000|  0%| F|  |TAMS 0x000000072b200000, 0x000000072b200000| Untracked 
| 301|0x000000072b400000, 0x000000072b400000, 0x000000072b600000|  0%| F|  |TAMS 0x000000072b400000, 0x000000072b400000| Untracked 

Card table byte_map: [0x00000225c0670000,0x00000225c0e50000] _byte_map_base: 0x00000225bce43000

Marking Bits (Prev, Next): (CMBitMap*) 0x00000225a9652e10, (CMBitMap*) 0x00000225a9652dd0
 Prev Bits: [0x00000225c54d0000, 0x00000225c9368000)
 Next Bits: [0x00000225c1630000, 0x00000225c54c8000)

Polling page: 0x00000225a7440000

Metaspace:

Usage:
  Non-class:     83.93 MB used.
      Class:      9.00 MB used.
       Both:     92.93 MB used.

Virtual space:
  Non-class space:      128.00 MB reserved,      84.31 MB ( 66%) committed,  2 nodes.
      Class space:        1.00 GB reserved,       9.38 MB ( <1%) committed,  1 nodes.
             Both:        1.12 GB reserved,      93.69 MB (  8%) committed. 

Chunk freelists:
   Non-Class:  11.06 MB
       Class:  6.48 MB
        Both:  17.54 MB

MaxMetaspaceSize: unlimited
CompressedClassSpaceSize: 1.00 GB
Initial GC threshold: 21.00 MB
Current GC threshold: 131.56 MB
CDS: on
MetaspaceReclaimPolicy: balanced
 - commit_granule_bytes: 65536.
 - commit_granule_words: 8192.
 - virtual_space_node_default_size: 8388608.
 - enlarge_chunks_in_place: 1.
 - new_chunks_are_fully_committed: 0.
 - uncommit_free_chunks: 1.
 - use_allocation_guard: 0.
 - handle_deallocations: 1.


Internal statistics:

num_allocs_failed_limit: 9.
num_arena_births: 810.
num_arena_deaths: 0.
num_vsnodes_births: 3.
num_vsnodes_deaths: 0.
num_space_committed: 1496.
num_space_uncommitted: 0.
num_chunks_returned_to_freelist: 9.
num_chunks_taken_from_freelist: 4068.
num_chunk_merges: 6.
num_chunk_splits: 3069.
num_chunks_enlarged: 2453.
num_inconsistent_stats: 0.

CodeHeap 'non-profiled nmethods': size=120000Kb used=14182Kb max_used=14182Kb free=105817Kb
 bounds [0x00000225b8960000, 0x00000225b9740000, 0x00000225bfe90000]
CodeHeap 'profiled nmethods': size=120000Kb used=33880Kb max_used=33880Kb free=86119Kb
 bounds [0x00000225b0e90000, 0x00000225b2fb0000, 0x00000225b83c0000]
CodeHeap 'non-nmethods': size=5760Kb used=1403Kb max_used=1486Kb free=4356Kb
 bounds [0x00000225b83c0000, 0x00000225b8630000, 0x00000225b8960000]
 total_blobs=15243 nmethods=14498 adapters=656
 compilation: enabled
              stopped_count=0, restarted_count=0
 full_count=0

Compilation events (20 events):
Event: 62.124 Thread 0x00000225cb8be5d0 19121       3       org.eclipse.jdt.internal.compiler.lookup.BinaryTypeBinding::hasMemberTypes (27 bytes)
Event: 62.124 Thread 0x00000225cb8be5d0 nmethod 19121 0x00000225b2f96010 code [0x00000225b2f961e0, 0x00000225b2f96768]
Event: 62.124 Thread 0x00000225cb8be5d0 19122       3       org.eclipse.jdt.internal.compiler.lookup.MethodScope::checkAndSetModifiersForMethod (687 bytes)
Event: 62.127 Thread 0x00000225cb8be5d0 nmethod 19122 0x00000225b2f96910 code [0x00000225b2f96f80, 0x00000225b2f9c008]
Event: 62.133 Thread 0x00000225cb8be5d0 19123       3       org.eclipse.jdt.internal.compiler.parser.Parser::consumeMethodHeaderThrowsClause (117 bytes)
Event: 62.133 Thread 0x00000225cb8be5d0 nmethod 19123 0x00000225b2f9d810 code [0x00000225b2f9d9e0, 0x00000225b2f9dfc8]
Event: 62.133 Thread 0x00000225cb8be5d0 19124       3       org.eclipse.jdt.internal.compiler.ast.ArrayTypeReference::<init> (29 bytes)
Event: 62.133 Thread 0x00000225cb8be5d0 nmethod 19124 0x00000225b2f9e210 code [0x00000225b2f9e3c0, 0x00000225b2f9e668]
Event: 62.148 Thread 0x00000225cb8be5d0 19125       3       org.eclipse.jdt.internal.compiler.parser.Parser::persistLineSeparatorPositions (28 bytes)
Event: 62.149 Thread 0x00000225cb8be5d0 nmethod 19125 0x00000225b2f9e790 code [0x00000225b2f9e940, 0x00000225b2f9eb48]
Event: 62.150 Thread 0x00000225cb8be5d0 19126       3       org.eclipse.jdt.internal.compiler.parser.Parser::consumeBinaryExpression (776 bytes)
Event: 62.152 Thread 0x00000225cb8be5d0 nmethod 19126 0x00000225b2f9ec90 code [0x00000225b2f9f2a0, 0x00000225b2fa3e78]
Event: 62.152 Thread 0x00000225cb8be5d0 19127       3       org.eclipse.jdt.internal.compiler.lookup.LookupEnvironment::getTopLevelPackage (86 bytes)
Event: 62.152 Thread 0x00000225cb8be5d0 nmethod 19127 0x00000225b2fa4c90 code [0x00000225b2fa4ec0, 0x00000225b2fa55d8]
Event: 62.157 Thread 0x00000225cb8be5d0 19129       3       org.eclipse.jdt.internal.compiler.ast.ASTNode::handleNonNullByDefault (149 bytes)
Event: 62.158 Thread 0x00000225cb8be5d0 nmethod 19129 0x00000225b2fa5890 code [0x00000225b2fa5ac0, 0x00000225b2fa6558]
Event: 62.158 Thread 0x00000225cb8be5d0 19131       3       org.eclipse.jdt.internal.compiler.lookup.MethodVerifier::collectAllDistinctSuperInterfaces (58 bytes)
Event: 62.159 Thread 0x00000225cb8be5d0 nmethod 19131 0x00000225b2fa6910 code [0x00000225b2fa6b00, 0x00000225b2fa7098]
Event: 62.159 Thread 0x00000225cb8be5d0 19133       3       org.eclipse.jdt.internal.compiler.util.SimpleSet::includes (54 bytes)
Event: 62.159 Thread 0x00000225cb8be5d0 nmethod 19133 0x00000225b2fa7290 code [0x00000225b2fa7460, 0x00000225b2fa7918]

GC Heap History (20 events):
Event: 35.813 GC heap after
{Heap after GC invocations=50 (full 0):
 garbage-first heap   total 309248K, used 112640K [0x0000000705a00000, 0x0000000800000000)
  region size 2048K, 1 young (2048K), 1 survivors (2048K)
 Metaspace       used 77421K, committed 78144K, reserved 1179648K
  class space    used 7852K, committed 8192K, reserved 1048576K
}
Event: 36.244 GC heap before
{Heap before GC invocations=50 (full 0):
 garbage-first heap   total 309248K, used 239616K [0x0000000705a00000, 0x0000000800000000)
  region size 2048K, 63 young (129024K), 1 survivors (2048K)
 Metaspace       used 77459K, committed 78144K, reserved 1179648K
  class space    used 7852K, committed 8192K, reserved 1048576K
}
Event: 36.275 GC heap after
{Heap after GC invocations=51 (full 0):
 garbage-first heap   total 309248K, used 128605K [0x0000000705a00000, 0x0000000800000000)
  region size 2048K, 8 young (16384K), 8 survivors (16384K)
 Metaspace       used 77459K, committed 78144K, reserved 1179648K
  class space    used 7852K, committed 8192K, reserved 1048576K
}
Event: 36.808 GC heap before
{Heap before GC invocations=52 (full 0):
 garbage-first heap   total 309248K, used 233053K [0x0000000705a00000, 0x0000000800000000)
  region size 2048K, 63 young (129024K), 8 survivors (16384K)
 Metaspace       used 77473K, committed 78144K, reserved 1179648K
  class space    used 7852K, committed 8192K, reserved 1048576K
}
Event: 36.835 GC heap after
{Heap after GC invocations=53 (full 0):
 garbage-first heap   total 309248K, used 134532K [0x0000000705a00000, 0x0000000800000000)
  region size 2048K, 8 young (16384K), 8 survivors (16384K)
 Metaspace       used 77473K, committed 78144K, reserved 1179648K
  class space    used 7852K, committed 8192K, reserved 1048576K
}
Event: 36.844 GC heap before
{Heap before GC invocations=53 (full 0):
 garbage-first heap   total 309248K, used 136580K [0x0000000705a00000, 0x0000000800000000)
  region size 2048K, 9 young (18432K), 8 survivors (16384K)
 Metaspace       used 77473K, committed 78144K, reserved 1179648K
  class space    used 7852K, committed 8192K, reserved 1048576K
}
Event: 36.895 GC heap after
{Heap after GC invocations=54 (full 0):
 garbage-first heap   total 618496K, used 126963K [0x0000000705a00000, 0x0000000800000000)
  region size 2048K, 1 young (2048K), 1 survivors (2048K)
 Metaspace       used 77473K, committed 78144K, reserved 1179648K
  class space    used 7852K, committed 8192K, reserved 1048576K
}
Event: 44.364 GC heap before
{Heap before GC invocations=54 (full 0):
 garbage-first heap   total 618496K, used 456691K [0x0000000705a00000, 0x0000000800000000)
  region size 2048K, 162 young (331776K), 1 survivors (2048K)
 Metaspace       used 80135K, committed 80832K, reserved 1179648K
  class space    used 8091K, committed 8448K, reserved 1048576K
}
Event: 44.380 GC heap after
{Heap after GC invocations=55 (full 0):
 garbage-first heap   total 618496K, used 134647K [0x0000000705a00000, 0x0000000800000000)
  region size 2048K, 5 young (10240K), 5 survivors (10240K)
 Metaspace       used 80135K, committed 80832K, reserved 1179648K
  class space    used 8091K, committed 8448K, reserved 1048576K
}
Event: 45.450 GC heap before
{Heap before GC invocations=56 (full 0):
 garbage-first heap   total 479232K, used 435703K [0x0000000705a00000, 0x0000000800000000)
  region size 2048K, 154 young (315392K), 5 survivors (10240K)
 Metaspace       used 80152K, committed 80832K, reserved 1179648K
  class space    used 8091K, committed 8448K, reserved 1048576K
}
Event: 45.467 GC heap after
{Heap after GC invocations=57 (full 0):
 garbage-first heap   total 479232K, used 134292K [0x0000000705a00000, 0x0000000800000000)
  region size 2048K, 6 young (12288K), 6 survivors (12288K)
 Metaspace       used 80152K, committed 80832K, reserved 1179648K
  class space    used 8091K, committed 8448K, reserved 1048576K
}
Event: 45.558 GC heap before
{Heap before GC invocations=57 (full 0):
 garbage-first heap   total 479232K, used 144532K [0x0000000705a00000, 0x0000000800000000)
  region size 2048K, 11 young (22528K), 6 survivors (12288K)
 Metaspace       used 80152K, committed 80832K, reserved 1179648K
  class space    used 8091K, committed 8448K, reserved 1048576K
}
Event: 45.572 GC heap after
{Heap after GC invocations=58 (full 0):
 garbage-first heap   total 479232K, used 129153K [0x0000000705a00000, 0x0000000800000000)
  region size 2048K, 2 young (4096K), 2 survivors (4096K)
 Metaspace       used 80152K, committed 80832K, reserved 1179648K
  class space    used 8091K, committed 8448K, reserved 1048576K
}
Event: 46.404 GC heap before
{Heap before GC invocations=58 (full 0):
 garbage-first heap   total 479232K, used 383105K [0x0000000705a00000, 0x0000000800000000)
  region size 2048K, 126 young (258048K), 2 survivors (4096K)
 Metaspace       used 80166K, committed 80832K, reserved 1179648K
  class space    used 8092K, committed 8448K, reserved 1048576K
}
Event: 46.413 GC heap after
{Heap after GC invocations=59 (full 0):
 garbage-first heap   total 479232K, used 134273K [0x0000000705a00000, 0x0000000800000000)
  region size 2048K, 5 young (10240K), 5 survivors (10240K)
 Metaspace       used 80166K, committed 80832K, reserved 1179648K
  class space    used 8092K, committed 8448K, reserved 1048576K
}
Event: 55.813 GC heap before
{Heap before GC invocations=60 (full 0):
 garbage-first heap   total 479232K, used 388225K [0x0000000705a00000, 0x0000000800000000)
  region size 2048K, 129 young (264192K), 5 survivors (10240K)
 Metaspace       used 91833K, committed 92608K, reserved 1179648K
  class space    used 9106K, committed 9472K, reserved 1048576K
}
Event: 55.830 GC heap after
{Heap after GC invocations=61 (full 0):
 garbage-first heap   total 479232K, used 143967K [0x0000000705a00000, 0x0000000800000000)
  region size 2048K, 10 young (20480K), 10 survivors (20480K)
 Metaspace       used 91833K, committed 92608K, reserved 1179648K
  class space    used 9106K, committed 9472K, reserved 1048576K
}
Event: 55.860 GC heap before
{Heap before GC invocations=61 (full 0):
 garbage-first heap   total 479232K, used 143967K [0x0000000705a00000, 0x0000000800000000)
  region size 2048K, 11 young (22528K), 10 survivors (20480K)
 Metaspace       used 91851K, committed 92608K, reserved 1179648K
  class space    used 9107K, committed 9472K, reserved 1048576K
}
Event: 55.873 GC heap after
{Heap after GC invocations=62 (full 0):
 garbage-first heap   total 479232K, used 143152K [0x0000000705a00000, 0x0000000800000000)
  region size 2048K, 2 young (4096K), 2 survivors (4096K)
 Metaspace       used 91851K, committed 92608K, reserved 1179648K
  class space    used 9107K, committed 9472K, reserved 1048576K
}
Event: 62.160 GC heap before
{Heap before GC invocations=62 (full 0):
 garbage-first heap   total 479232K, used 388912K [0x0000000705a00000, 0x0000000800000000)
  region size 2048K, 123 young (251904K), 2 survivors (4096K)
 Metaspace       used 95158K, committed 95936K, reserved 1179648K
  class space    used 9214K, committed 9600K, reserved 1048576K
}

Deoptimization events (20 events):
Event: 61.211 Thread 0x000002261537b040 DEOPT PACKING pc=0x00000225b958d748 sp=0x00000058ce1fdd80
Event: 61.211 Thread 0x000002261537b040 DEOPT UNPACKING pc=0x00000225b84123a3 sp=0x00000058ce1fdc38 mode 2
Event: 61.232 Thread 0x000002261537b040 DEOPT PACKING pc=0x00000225b2ec9bd1 sp=0x00000058ce1fddf0
Event: 61.232 Thread 0x000002261537b040 DEOPT UNPACKING pc=0x00000225b8412b43 sp=0x00000058ce1fd690 mode 0
Event: 61.235 Thread 0x000002261537b040 DEOPT PACKING pc=0x00000225b2ced580 sp=0x00000058ce1fe240
Event: 61.235 Thread 0x000002261537b040 DEOPT UNPACKING pc=0x00000225b8412b43 sp=0x00000058ce1fd688 mode 0
Event: 61.240 Thread 0x000002261537b040 Uncommon trap: trap_request=0xffffffd6 fr.pc=0x00000225b958dd74 relative=0x0000000000002014
Event: 61.240 Thread 0x000002261537b040 Uncommon trap: reason=array_check action=maybe_recompile pc=0x00000225b958dd74 method=java.util.TimSort.reverseRange([Ljava/lang/Object;II)V @ 20 c2
Event: 61.240 Thread 0x000002261537b040 DEOPT PACKING pc=0x00000225b958dd74 sp=0x00000058ce1fe880
Event: 61.240 Thread 0x000002261537b040 DEOPT UNPACKING pc=0x00000225b84123a3 sp=0x00000058ce1fe738 mode 2
Event: 61.306 Thread 0x0000022615380650 DEOPT PACKING pc=0x00000225b2bb2ffc sp=0x00000058cdffde50
Event: 61.306 Thread 0x0000022615380650 DEOPT UNPACKING pc=0x00000225b8412b43 sp=0x00000058cdffd358 mode 0
Event: 61.350 Thread 0x0000022615380650 Uncommon trap: trap_request=0xffffffd6 fr.pc=0x00000225b958d748 relative=0x00000000000019e8
Event: 61.350 Thread 0x0000022615380650 Uncommon trap: reason=array_check action=maybe_recompile pc=0x00000225b958d748 method=java.util.TimSort.reverseRange([Ljava/lang/Object;II)V @ 20 c2
Event: 61.350 Thread 0x0000022615380650 DEOPT PACKING pc=0x00000225b958d748 sp=0x00000058cdffe610
Event: 61.350 Thread 0x0000022615380650 DEOPT UNPACKING pc=0x00000225b84123a3 sp=0x00000058cdffe4c8 mode 2
Event: 61.701 Thread 0x0000022615380650 DEOPT PACKING pc=0x00000225b2de731e sp=0x00000058cdffe1a0
Event: 61.701 Thread 0x0000022615380650 DEOPT UNPACKING pc=0x00000225b8412b43 sp=0x00000058cdffd678 mode 0
Event: 61.909 Thread 0x000002261537c990 DEOPT PACKING pc=0x00000225b2cab829 sp=0x00000058ce0fe200
Event: 61.909 Thread 0x000002261537c990 DEOPT UNPACKING pc=0x00000225b8412b43 sp=0x00000058ce0fd650 mode 0

Classes unloaded (0 events):
No events

Classes redefined (0 events):
No events

Internal exceptions (20 events):
Event: 57.572 Thread 0x000002261537c480 Exception <a 'java/lang/ClassNotFoundException'{0x000000071f4f07d8}: org/springframework/web/servlet/tags/form/SelectTagCustomizer> (0x000000071f4f07d8) 
thrown [s\open\src\hotspot\share\classfile\systemDictionary.cpp, line 256]
Event: 57.574 Thread 0x000002261537c480 Exception <a 'java/lang/ClassNotFoundException'{0x000000071e711470}: org/springframework/web/servlet/tags/form/OptionsTagBeanInfo> (0x000000071e711470) 
thrown [s\open\src\hotspot\share\classfile\systemDictionary.cpp, line 256]
Event: 57.575 Thread 0x000002261537c480 Exception <a 'java/lang/ClassNotFoundException'{0x000000071e71c2d0}: org/springframework/web/servlet/tags/form/OptionsTagCustomizer> (0x000000071e71c2d0) 
thrown [s\open\src\hotspot\share\classfile\systemDictionary.cpp, line 256]
Event: 57.736 Thread 0x000002261537c480 Exception <a 'java/lang/ArrayIndexOutOfBoundsException'{0x000000071e7cbee0}> (0x000000071e7cbee0) 
thrown [s\open\src\hotspot\share\runtime\sharedRuntime.cpp, line 631]
Event: 57.772 Thread 0x000002261537c990 Exception <a 'java/lang/ClassNotFoundException'{0x000000071e02c400}: org/springframework/web/servlet/tags/form/InputTagBeanInfo> (0x000000071e02c400) 
thrown [s\open\src\hotspot\share\classfile\systemDictionary.cpp, line 256]
Event: 57.772 Thread 0x000002261537c990 Exception <a 'java/lang/ClassNotFoundException'{0x000000071e036768}: org/springframework/web/servlet/tags/form/InputTagCustomizer> (0x000000071e036768) 
thrown [s\open\src\hotspot\share\classfile\systemDictionary.cpp, line 256]
Event: 57.775 Thread 0x000002261537c990 Exception <a 'java/lang/ClassNotFoundException'{0x000000071e0a9578}: org/springframework/web/servlet/tags/form/TextareaTagBeanInfo> (0x000000071e0a9578) 
thrown [s\open\src\hotspot\share\classfile\systemDictionary.cpp, line 256]
Event: 57.775 Thread 0x0000022615380650 Exception <a 'java/lang/ClassNotFoundException'{0x000000071e119938}: org/springframework/web/servlet/tags/form/TextareaTagBeanInfo> (0x000000071e119938) 
thrown [s\open\src\hotspot\share\classfile\systemDictionary.cpp, line 256]
Event: 57.775 Thread 0x000002261537c990 Exception <a 'java/lang/ClassNotFoundException'{0x000000071e0b3a78}: org/springframework/web/servlet/tags/form/TextareaTagCustomizer> (0x000000071e0b3a78) 
thrown [s\open\src\hotspot\share\classfile\systemDictionary.cpp, line 256]
Event: 57.775 Thread 0x0000022615380650 Exception <a 'java/lang/ClassNotFoundException'{0x000000071e123d58}: org/springframework/web/servlet/tags/form/TextareaTagCustomizer> (0x000000071e123d58) 
thrown [s\open\src\hotspot\share\classfile\systemDictionary.cpp, line 256]
Event: 57.876 Thread 0x0000022615380650 Exception <a 'java/lang/ArrayIndexOutOfBoundsException'{0x000000071e1757e0}: Index 18967 out of bounds for length 18967> (0x000000071e1757e0) 
thrown [s\open\src\hotspot\share\interpreter\interpreterRuntime.cpp, line 428]
Event: 57.970 Thread 0x000002261537c990 Exception <a 'java/lang/ArrayIndexOutOfBoundsException'{0x000000071e1e9288}: Index 56171 out of bounds for length 56171> (0x000000071e1e9288) 
thrown [s\open\src\hotspot\share\interpreter\interpreterRuntime.cpp, line 428]
Event: 60.419 Thread 0x000002261537c990 Exception <a 'java/lang/ClassNotFoundException'{0x00000007191028a0}: org/springframework/web/servlet/tags/form/CheckboxTagBeanInfo> (0x00000007191028a0) 
thrown [s\open\src\hotspot\share\classfile\systemDictionary.cpp, line 256]
Event: 60.419 Thread 0x000002261537c990 Exception <a 'java/lang/ClassNotFoundException'{0x000000071910de38}: org/springframework/web/servlet/tags/form/AbstractSingleCheckedElementTagBeanInfo> (0x000000071910de38) 
thrown [s\open\src\hotspot\share\classfile\systemDictionary.cpp, line 256]
Event: 60.420 Thread 0x000002261537c990 Exception <a 'java/lang/ClassNotFoundException'{0x00000007191191c8}: org/springframework/web/servlet/tags/form/AbstractCheckedElementTagBeanInfo> (0x00000007191191c8) 
thrown [s\open\src\hotspot\share\classfile\systemDictionary.cpp, line 256]
Event: 60.420 Thread 0x000002261537c990 Exception <a 'java/lang/ClassNotFoundException'{0x0000000719124528}: org/springframework/web/servlet/tags/form/AbstractCheckedElementTagCustomizer> (0x0000000719124528) 
thrown [s\open\src\hotspot\share\classfile\systemDictionary.cpp, line 256]
Event: 60.421 Thread 0x000002261537c990 Exception <a 'java/lang/ClassNotFoundException'{0x0000000719135a18}: org/springframework/web/servlet/tags/form/AbstractSingleCheckedElementTagCustomizer> (0x0000000719135a18) 
thrown [s\open\src\hotspot\share\classfile\systemDictionary.cpp, line 256]
Event: 60.422 Thread 0x000002261537c990 Exception <a 'java/lang/ClassNotFoundException'{0x0000000719148808}: org/springframework/web/servlet/tags/form/CheckboxTagCustomizer> (0x0000000719148808) 
thrown [s\open\src\hotspot\share\classfile\systemDictionary.cpp, line 256]
Event: 60.997 Thread 0x000002261537b040 Exception <a 'java/lang/ClassNotFoundException'{0x0000000717463530}: org/springframework/web/servlet/tags/form/HiddenInputTagBeanInfo> (0x0000000717463530) 
thrown [s\open\src\hotspot\share\classfile\systemDictionary.cpp, line 256]
Event: 60.998 Thread 0x000002261537b040 Exception <a 'java/lang/ClassNotFoundException'{0x000000071746e558}: org/springframework/web/servlet/tags/form/HiddenInputTagCustomizer> (0x000000071746e558) 
thrown [s\open\src\hotspot\share\classfile\systemDictionary.cpp, line 256]

VM Operations (20 events):
Event: 56.902 Executing VM operation: ICBufferFull done
Event: 57.904 Executing VM operation: ICBufferFull
Event: 57.904 Executing VM operation: ICBufferFull done
Event: 58.524 Executing VM operation: ICBufferFull
Event: 58.524 Executing VM operation: ICBufferFull done
Event: 59.536 Executing VM operation: Cleanup
Event: 59.536 Executing VM operation: Cleanup done
Event: 59.743 Executing VM operation: HandshakeAllThreads
Event: 59.743 Executing VM operation: HandshakeAllThreads done
Event: 59.860 Executing VM operation: HandshakeAllThreads
Event: 59.860 Executing VM operation: HandshakeAllThreads done
Event: 60.002 Executing VM operation: HandshakeAllThreads
Event: 60.002 Executing VM operation: HandshakeAllThreads done
Event: 60.543 Executing VM operation: ICBufferFull
Event: 60.543 Executing VM operation: ICBufferFull done
Event: 61.173 Executing VM operation: ICBufferFull
Event: 61.173 Executing VM operation: ICBufferFull done
Event: 61.772 Executing VM operation: HandshakeAllThreads
Event: 61.772 Executing VM operation: HandshakeAllThreads done
Event: 62.160 Executing VM operation: G1CollectForAllocation

Events (20 events):
Event: 60.028 Thread 0x00000225cb8d1ac0 flushing nmethod 0x00000225b2d96710
Event: 60.028 Thread 0x00000225cb8d1ac0 flushing nmethod 0x00000225b2d99a10
Event: 60.028 Thread 0x00000225cb8d1ac0 flushing nmethod 0x00000225b2d9a510
Event: 60.028 Thread 0x00000225cb8d1ac0 flushing nmethod 0x00000225b2e73010
Event: 61.780 Thread 0x00000225cb8d1ac0 flushing nmethod 0x00000225b10b1d10
Event: 61.782 Thread 0x00000225cb8d1ac0 flushing nmethod 0x00000225b142a110
Event: 61.791 Thread 0x00000225cb8d1ac0 flushing nmethod 0x00000225b22fb790
Event: 61.794 Thread 0x00000225cb8d1ac0 flushing nmethod 0x00000225b2840490
Event: 61.796 Thread 0x00000225cb8d1ac0 flushing nmethod 0x00000225b2ac6d90
Event: 61.796 Thread 0x00000225cb8d1ac0 flushing nmethod 0x00000225b2b0d190
Event: 61.797 Thread 0x00000225cb8d1ac0 flushing nmethod 0x00000225b2c6d690
Event: 61.797 Thread 0x00000225cb8d1ac0 flushing nmethod 0x00000225b2d37490
Event: 61.797 Thread 0x00000225cb8d1ac0 flushing nmethod 0x00000225b2d37c10
Event: 61.797 Thread 0x00000225cb8d1ac0 flushing nmethod 0x00000225b2d38190
Event: 61.797 Thread 0x00000225cb8d1ac0 flushing nmethod 0x00000225b2d41010
Event: 61.798 Thread 0x00000225cb8d1ac0 flushing nmethod 0x00000225b2d53a10
Event: 61.798 Thread 0x00000225cb8d1ac0 flushing nmethod 0x00000225b2d5ef90
Event: 61.798 Thread 0x00000225cb8d1ac0 flushing nmethod 0x00000225b2d60290
Event: 61.798 Thread 0x00000225cb8d1ac0 flushing nmethod 0x00000225b2d6a490
Event: 61.798 Thread 0x00000225cb8d1ac0 flushing nmethod 0x00000225b2d85210


Dynamic libraries:
0x00007ff794e80000 - 0x00007ff794e90000 	C:\Program Files\Java\jdk-17\bin\java.exe
0x00007ffbc1330000 - 0x00007ffbc1528000 	C:\WINDOWS\SYSTEM32\ntdll.dll
0x00007ffbc1220000 - 0x00007ffbc12e1000 	C:\WINDOWS\System32\KERNEL32.DLL
0x00007ffbbeae0000 - 0x00007ffbbeddd000 	C:\WINDOWS\System32\KERNELBASE.dll
0x00007ffbbe9e0000 - 0x00007ffbbeae0000 	C:\WINDOWS\System32\ucrtbase.dll
0x00007ffb97fa0000 - 0x00007ffb97fb9000 	C:\Program Files\Java\jdk-17\bin\jli.dll
0x00007ffbc0130000 - 0x00007ffbc01e0000 	C:\WINDOWS\System32\ADVAPI32.dll
0x00007ffbc0400000 - 0x00007ffbc049e000 	C:\WINDOWS\System32\msvcrt.dll
0x00007ffbc0fd0000 - 0x00007ffbc1070000 	C:\WINDOWS\System32\sechost.dll
0x00007ffbc0c10000 - 0x00007ffbc0d33000 	C:\WINDOWS\System32\RPCRT4.dll
0x00007ffbb60b0000 - 0x00007ffbb60cb000 	C:\Program Files\Java\jdk-17\bin\VCRUNTIME140.dll
0x00007ffbbf330000 - 0x00007ffbbf357000 	C:\WINDOWS\System32\bcrypt.dll
0x00007ffbbfd00000 - 0x00007ffbbfe9d000 	C:\WINDOWS\System32\USER32.dll
0x00007ffbbf300000 - 0x00007ffbbf322000 	C:\WINDOWS\System32\win32u.dll
0x00007ffbbf850000 - 0x00007ffbbf87b000 	C:\WINDOWS\System32\GDI32.dll
0x00007ffbbf1e0000 - 0x00007ffbbf2f7000 	C:\WINDOWS\System32\gdi32full.dll
0x00007ffbbef50000 - 0x00007ffbbefed000 	C:\WINDOWS\System32\msvcp_win.dll
0x00007ffbabe10000 - 0x00007ffbac0aa000 	C:\WINDOWS\WinSxS\amd64_microsoft.windows.common-controls_6595b64144ccf1df_6.0.19041.4355_none_60b8b9eb71f62e16\COMCTL32.dll
0x00007ffbba6d0000 - 0x00007ffbba6da000 	C:\WINDOWS\SYSTEM32\VERSION.dll
0x00007ffbbfea0000 - 0x00007ffbbfecf000 	C:\WINDOWS\System32\IMM32.DLL
0x00007ffbb7350000 - 0x00007ffbb735c000 	C:\Program Files\Java\jdk-17\bin\vcruntime140_1.dll
0x00007ffb8e840000 - 0x00007ffb8e8ce000 	C:\Program Files\Java\jdk-17\bin\msvcp140.dll
0x00007ffb41ca0000 - 0x00007ffb42881000 	C:\Program Files\Java\jdk-17\bin\server\jvm.dll
0x00007ffbbfcf0000 - 0x00007ffbbfcf8000 	C:\WINDOWS\System32\PSAPI.DLL
0x00007ffba3760000 - 0x00007ffba3787000 	C:\WINDOWS\SYSTEM32\WINMM.dll
0x00007ffbb7310000 - 0x00007ffbb7319000 	C:\WINDOWS\SYSTEM32\WSOCK32.dll
0x00007ffbc0390000 - 0x00007ffbc03fb000 	C:\WINDOWS\System32\WS2_32.dll
0x00007ffbbc510000 - 0x00007ffbbc522000 	C:\WINDOWS\SYSTEM32\kernel.appcore.dll
0x00007ffbb67e0000 - 0x00007ffbb67ea000 	C:\Program Files\Java\jdk-17\bin\jimage.dll
0x00007ffbb8fc0000 - 0x00007ffbb91a4000 	C:\WINDOWS\SYSTEM32\DBGHELP.DLL
0x00007ffbb86c0000 - 0x00007ffbb86f4000 	C:\WINDOWS\SYSTEM32\dbgcore.DLL
0x00007ffbbeff0000 - 0x00007ffbbf072000 	C:\WINDOWS\System32\bcryptPrimitives.dll
0x00007ffb9e9c0000 - 0x00007ffb9e9e5000 	C:\Program Files\Java\jdk-17\bin\java.dll
0x00007ffb8e450000 - 0x00007ffb8e527000 	C:\Program Files\Java\jdk-17\bin\jsvml.dll
0x00007ffbc04a0000 - 0x00007ffbc0c0f000 	C:\WINDOWS\System32\SHELL32.dll
0x00007ffbbc710000 - 0x00007ffbbceaf000 	C:\WINDOWS\SYSTEM32\windows.storage.dll
0x00007ffbbf420000 - 0x00007ffbbf773000 	C:\WINDOWS\System32\combase.dll
0x00007ffbbe100000 - 0x00007ffbbe12e000 	C:\WINDOWS\SYSTEM32\Wldp.dll
0x00007ffbbfed0000 - 0x00007ffbbff9d000 	C:\WINDOWS\System32\OLEAUT32.dll
0x00007ffbbf360000 - 0x00007ffbbf40d000 	C:\WINDOWS\System32\SHCORE.dll
0x00007ffbbf7e0000 - 0x00007ffbbf835000 	C:\WINDOWS\System32\shlwapi.dll
0x00007ffbbe910000 - 0x00007ffbbe934000 	C:\WINDOWS\SYSTEM32\profapi.dll
0x00007ffbb3ae0000 - 0x00007ffbb3af9000 	C:\Program Files\Java\jdk-17\bin\net.dll
0x00007ffbb8bc0000 - 0x00007ffbb8ccd000 	C:\WINDOWS\SYSTEM32\WINHTTP.dll
0x00007ffbbdee0000 - 0x00007ffbbdf4a000 	C:\WINDOWS\system32\mswsock.dll
0x00007ffba34f0000 - 0x00007ffba3506000 	C:\Program Files\Java\jdk-17\bin\nio.dll
0x00007ffb97f80000 - 0x00007ffb97f98000 	C:\Program Files\Java\jdk-17\bin\zip.dll
0x0000000069ac0000 - 0x0000000069ae4000 	D:\apache-maven-3.9.0\lib\jansi-native\Windows\x86_64\jansi.dll
0x00007ffbb0810000 - 0x00007ffbb0820000 	C:\Program Files\Java\jdk-17\bin\verify.dll
0x00007ffbbe4b0000 - 0x00007ffbbe4c8000 	C:\WINDOWS\SYSTEM32\CRYPTSP.dll
0x00007ffbbd820000 - 0x00007ffbbd854000 	C:\WINDOWS\system32\rsaenh.dll
0x00007ffbbe880000 - 0x00007ffbbe8ae000 	C:\WINDOWS\SYSTEM32\USERENV.dll
0x00007ffbbe070000 - 0x00007ffbbe07c000 	C:\WINDOWS\SYSTEM32\CRYPTBASE.dll
0x00007ffbbdbe0000 - 0x00007ffbbdc1b000 	C:\WINDOWS\SYSTEM32\IPHLPAPI.DLL
0x00007ffbbf410000 - 0x00007ffbbf418000 	C:\WINDOWS\System32\NSI.dll
0x00007ffbba360000 - 0x00007ffbba377000 	C:\WINDOWS\SYSTEM32\dhcpcsvc6.DLL
0x00007ffbb9b70000 - 0x00007ffbb9b8d000 	C:\WINDOWS\SYSTEM32\dhcpcsvc.DLL
0x00007ffbbdc30000 - 0x00007ffbbdcfa000 	C:\WINDOWS\SYSTEM32\DNSAPI.dll
0x00007ffbbacd0000 - 0x00007ffbbacda000 	C:\Windows\System32\rasadhlp.dll
0x00007ffbba380000 - 0x00007ffbba400000 	C:\WINDOWS\System32\fwpuclnt.dll
0x00007ffbb60e0000 - 0x00007ffbb60ee000 	C:\Program Files\Java\jdk-17\bin\sunmscapi.dll
0x00007ffbbf080000 - 0x00007ffbbf1de000 	C:\WINDOWS\System32\CRYPT32.dll
0x00007ffbbe170000 - 0x00007ffbbe199000 	C:\WINDOWS\SYSTEM32\ncrypt.dll
0x00007ffbbe130000 - 0x00007ffbbe16b000 	C:\WINDOWS\SYSTEM32\NTASN1.dll
0x00007ffbb5a40000 - 0x00007ffbb5a57000 	C:\WINDOWS\system32\napinsp.dll
0x00007ffbb5a60000 - 0x00007ffbb5a7b000 	C:\WINDOWS\system32\pnrpnsp.dll
0x00007ffbbb3a0000 - 0x00007ffbbb3b5000 	C:\WINDOWS\system32\wshbth.dll
0x00007ffbbad00000 - 0x00007ffbbad1d000 	C:\WINDOWS\system32\NLAapi.dll
0x00007ffbb5ad0000 - 0x00007ffbb5ae2000 	C:\WINDOWS\System32\winrnr.dll

dbghelp: loaded successfully - version: 4.0.5 - missing functions: none
symbol engine: initialized successfully - sym options: 0x614 - pdb path: .;C:\Program Files\Java\jdk-17\bin;C:\WINDOWS\SYSTEM32;C:\WINDOWS\WinSxS\amd64_microsoft.windows.common-controls_6595b64144ccf1df_6.0.19041.4355_none_60b8b9eb71f62e16;C:\Program Files\Java\jdk-17\bin\server;D:\apache-maven-3.9.0\lib\jansi-native\Windows\x86_64

VM Arguments:
jvm_args: -Dclassworlds.conf=D:\apache-maven-3.9.0\bin\m2.conf -Dmaven.home=D:\apache-maven-3.9.0 -Dlibrary.jansi.path=D:\apache-maven-3.9.0\lib\jansi-native -Dmaven.multiModuleProjectDirectory=D:\Spring Boot Apps\evcentral371 
java_command: org.codehaus.plexus.classworlds.launcher.Launcher package
java_class_path (initial): D:\apache-maven-3.9.0\boot\plexus-classworlds-2.6.0.jar
Launcher Type: SUN_STANDARD

[Global flags]
     intx CICompilerCount                          = 3                                         {product} {ergonomic}
     uint ConcGCThreads                            = 1                                         {product} {ergonomic}
     uint G1ConcRefinementThreads                  = 4                                         {product} {ergonomic}
   size_t G1HeapRegionSize                         = 2097152                                   {product} {ergonomic}
    uintx GCDrainStackTargetSize                   = 64                                        {product} {ergonomic}
   size_t InitialHeapSize                          = 264241152                                 {product} {ergonomic}
   size_t MarkStackSize                            = 4194304                                   {product} {ergonomic}
   size_t MaxHeapSize                              = 4200595456                                {product} {ergonomic}
   size_t MaxNewSize                               = 2518679552                                {product} {ergonomic}
   size_t MinHeapDeltaBytes                        = 2097152                                   {product} {ergonomic}
   size_t MinHeapSize                              = 8388608                                   {product} {ergonomic}
    uintx NonNMethodCodeHeapSize                   = 5832780                                {pd product} {ergonomic}
    uintx NonProfiledCodeHeapSize                  = 122912730                              {pd product} {ergonomic}
    uintx ProfiledCodeHeapSize                     = 122912730                              {pd product} {ergonomic}
    uintx ReservedCodeCacheSize                    = 251658240                              {pd product} {ergonomic}
     bool SegmentedCodeCache                       = true                                      {product} {ergonomic}
   size_t SoftMaxHeapSize                          = 4200595456                             {manageable} {ergonomic}
     bool UseCompressedClassPointers               = true                           {product lp64_product} {ergonomic}
     bool UseCompressedOops                        = true                           {product lp64_product} {ergonomic}
     bool UseG1GC                                  = true                                      {product} {ergonomic}
     bool UseLargePagesIndividualAllocation        = false                                  {pd product} {ergonomic}

Logging:
Log output configuration:
 #0: stdout all=warning uptime,level,tags
 #1: stderr all=off uptime,level,tags

Environment Variables:
JAVA_HOME=C:\Program Files\Java\jdk-17
PATH=C:\Python312\Scripts\;C:\Python312\;C:\Program Files\Common Files\Oracle\Java\javapath;C:\Program Files (x86)\Common Files\Oracle\Java\javapath;C:\WINDOWS\system32;C:\WINDOWS;C:\WINDOWS\System32\Wbem;C:\WINDOWS\System32\WindowsPowerShell\v1.0\;C:\WINDOWS\System32\OpenSSH\;C:\Gradle\gradle-7.2\bin;C:\Program Files\Git\cmd;C:\Program Files\Java\jdk-16.0.2\bin;C:\Program Files\Microsoft SQL Server\110\Tools\Binn\;C:\Program Files (x86)\Microsoft SQL Server\110\Tools\Binn\;C:\Program Files\Microsoft SQL Server\110\DTS\Binn\;C:\Program Files (x86)\Microsoft SQL Server\110\Tools\Binn\ManagementStudio\;C:\Program Files (x86)\Microsoft Visual Studio 10.0\Common7\IDE\PrivateAssemblies\;C:\Program Files (x86)\Microsoft SQL Server\110\DTS\Binn\;C:\Program Files\Azure Data Studio\bin;C:\Program Files\Microsoft SQL Server\150\Tools\Binn\;D:\apache-maven-3.9.0\bin;C:\ffmpeg\bin;C:\ProgramData\chocolatey\bin;C:\Program Files\Git\mingw64\bin\;C:\Users\C13.243\AppData\Roaming\nvm;C:\Program Files\nodejs;C:\Program Files (x86)\Microsoft SQL Server\160\DTS\Binn\;C:\Program Files\Go\bin;C:\Program Files\PuTTY\;C:\Program Files\Docker\Docker\resources\bin;C:\Users\C13.243\AppData\Local\Microsoft\WindowsApps;C:\Users\C13.243\AppData\Local\Programs\Microsoft VS Code\bin;C:\Program Files\Azure Data Studio\bin;C:\Users\C13.243\flutter\bin;C:\Users\C13.243\AppData\Roaming\npm;C:\Users\C13.243\AppData\Roaming\nvm;C:\Program Files\nodejs;C:\Users\C13.243\go\bin;C:\Users\C13.243\AppData\Local\GitHubDesktop\bin
USERNAME=C13.243
LANG=en_US.UTF-8
OS=Windows_NT
PROCESSOR_IDENTIFIER=Intel64 Family 6 Model 60 Stepping 3, GenuineIntel



---------------  S Y S T E M  ---------------

OS:
 Windows 10 , 64 bit Build 19041 (10.0.19041.4717)
OS uptime: 8 days 14:50 hours
Hyper-V role detected

CPU: total 4 (initial active 4) (4 cores per cpu, 1 threads per core) family 6 model 60 stepping 3 microcode 0x27, cx8, cmov, fxsr, mmx, sse, sse2, sse3, ssse3, sse4.1, sse4.2, popcnt, lzcnt, tsc, tscinvbit, avx, avx2, aes, erms, clmul, bmi1, bmi2, fma, vzeroupper, clflush, hv

Memory: 4k page, system-wide physical 16019M (520M free)
TotalPageFile size 24165M (AvailPageFile size 223M)
current process WorkingSet (physical memory assigned to process): 752M, peak: 832M
current process commit charge ("private bytes"): 947M, peak: 1747M

vm_info: Java HotSpot(TM) 64-Bit Server VM (17.0.9+11-LTS-201) for windows-amd64 JRE (17.0.9+11-LTS-201), built on Oct 10 2023 23:16:06 by "mach5one" with MS VC++ 17.1 (VS2022)

END.
